#
# There is insufficient memory for the Java Runtime Environment to continue.
# Native memory allocation (malloc) failed to allocate 32744 bytes for ChunkPool::allocate
# Possible reasons:
#   The system is out of physical RAM or swap space
#   The process is running with CompressedOops enabled, and the Java Heap may be blocking the growth of the native heap
# Possible solutions:
#   Reduce memory load on the system
#   Increase physical memory or swap space
#   Check if swap backing store is full
#   Decrease Java heap size (-Xmx/-Xms)
#   Decrease number of Java threads
#   Decrease Java thread stack sizes (-Xss)
#   Set larger code cache with -XX:ReservedCodeCacheSize=
#   JVM is running with Unscaled Compressed Oops mode in which the Java heap is
#     placed in the first 4GB address space. The Java Heap base address is the
#     maximum limit for the native heap growth. Please use -XX:HeapBaseMinAddress
#     to set the Java Heap base and to place the Java Heap above 4GB virtual address.
# This output file may be truncated or incomplete.
#
#  Out of Memory Error (./src/hotspot/share/memory/arena.cpp:81), pid=3772, tid=10780
#
# JRE version: OpenJDK Runtime Environment (11.0.10) (build 11.0.10+0-b96-7249189)
# Java VM: OpenJDK 64-Bit Server VM (11.0.10+0-b96-7249189, mixed mode, tiered, compressed oops, g1 gc, windows-amd64)
# No core dump will be written. Minidumps are not enabled by default on client versions of Windows
#

---------------  S U M M A R Y ------------

Command Line: --add-opens=java.base/java.util=ALL-UNNAMED --add-opens=java.base/java.lang=ALL-UNNAMED --add-opens=java.base/java.lang.invoke=ALL-UNNAMED --add-opens=java.prefs/java.util.prefs=ALL-UNNAMED -Xmx2048m -Dfile.encoding=UTF-8 -Duser.country=US -Duser.language=en -Duser.variant org.gradle.launcher.daemon.bootstrap.GradleDaemon 6.5

Host: Intel(R) Core(TM) i5-8250U CPU @ 1.60GHz, 8 cores, 3G,  Windows 10 , 64 bit Build 19041 (10.0.19041.1202)
Time: Fri Sep 24 12:35:43 2021 Sri Lanka Standard Time elapsed time: 1119.962677 seconds (0d 0h 18m 39s)

---------------  T H R E A D  ---------------

Current thread (0x0000023e57f76800):  VMThread "VM Thread" [stack: 0x000000ba97900000,0x000000ba97a00000] [id=10780] _threads_hazard_ptr=0x0000023e5cd874c0

Stack: [0x000000ba97900000,0x000000ba97a00000]
[error occurred during error reporting (printing stack bounds), id 0xc0000005, EXCEPTION_ACCESS_VIOLATION (0xc0000005) at pc=0x0000023e40e80f2d]

Native frames: (J=compiled Java code, j=interpreted, Vv=VM code, C=native code)
V  [jvm.dll+0x5ecfaa]
V  [jvm.dll+0x722bd5]
V  [jvm.dll+0x72412d]
V  [jvm.dll+0x724745]
V  [jvm.dll+0x7246fb]
V  [jvm.dll+0x5ec348]
V  [jvm.dll+0x5ecad8]
C  [ntdll.dll+0xa20cf]
C  [ntdll.dll+0x51454]
C  [ntdll.dll+0xa0bfe]
C  0x0000023e40e80f2d

VM_Operation (0x000000baa0afb1e0): BulkRevokeBias, mode: safepoint, requested by thread 0x0000023e5d8ce800


---------------  P R O C E S S  ---------------

Threads class SMR info:
_java_thread_list=0x0000023e5cd874c0, length=168, elements={
0x0000023e3d38a800, 0x0000023e57f7b000, 0x0000023e57f84800, 0x0000023e57fd4800,
0x0000023e57fd5800, 0x0000023e57fd8000, 0x0000023e57fde000, 0x0000023e57fe7800,
0x0000023e57fee000, 0x0000023e58a82800, 0x0000023e59e84000, 0x0000023e5a11c800,
0x0000023e59c91800, 0x0000023e5a378000, 0x0000023e5a373000, 0x0000023e5a377000,
0x0000023e5b429000, 0x0000023e5b425000, 0x0000023e5d085000, 0x0000023e5d081000,
0x0000023e5d083000, 0x0000023e5d082000, 0x0000023e5d07f800, 0x0000023e5d083800,
0x0000023e5d084800, 0x0000023e5d086000, 0x0000023e5d080800, 0x0000023e5d088800,
0x0000023e5d089800, 0x0000023e5d087000, 0x0000023e5d08d800, 0x0000023e5d08e000,
0x0000023e5d08b800, 0x0000023e5d08c800, 0x0000023e5d08a000, 0x0000023e5d08b000,
0x0000023e5b428800, 0x0000023e5b42b000, 0x0000023e5b42b800, 0x0000023e5b426000,
0x0000023e5b42c800, 0x0000023e5b427000, 0x0000023e5b432000, 0x0000023e5b433000,
0x0000023e5b42d800, 0x0000023e5b430800, 0x0000023e5b430000, 0x0000023e5b434000,
0x0000023e5b42e000, 0x0000023e5b431800, 0x0000023e5b42f000, 0x0000023e5a374800,
0x0000023e5a374000, 0x0000023e5a372000, 0x0000023e5a379000, 0x0000023e5a375800,
0x0000023e5a376800, 0x0000023e5c0ae000, 0x0000023e5c0b2000, 0x0000023e5c0ad000,
0x0000023e5c0ae800, 0x0000023e5c0ac000, 0x0000023e5c0b2800, 0x0000023e5c0b0800,
0x0000023e5c0b4800, 0x0000023e5c0b1000, 0x0000023e5c0b5000, 0x0000023e5c0b3800,
0x0000023e5c0af800, 0x0000023e5c0bb000, 0x0000023e5c0ba000, 0x0000023e5c0b6000,
0x0000023e5c0b9800, 0x0000023e5c0b7000, 0x0000023e5c0b7800, 0x0000023e5c0b8800,
0x0000023e60c83000, 0x0000023e60c7d800, 0x0000023e60c7e000, 0x0000023e60c7f000,
0x0000023e60c81800, 0x0000023e60c80000, 0x0000023e60c80800, 0x0000023e60c82000,
0x0000023e60c84000, 0x0000023e60dc7800, 0x0000023e60dc9800, 0x0000023e60dc4000,
0x0000023e60dc9000, 0x0000023e60dc8000, 0x0000023e60dca800, 0x0000023e60dc6800,
0x0000023e60dc5000, 0x0000023e60dcb800, 0x0000023e60dc5800, 0x0000023e60dd1000,
0x0000023e60dcd000, 0x0000023e60dce800, 0x0000023e60dd2000, 0x0000023e60dcf800,
0x0000023e60dcc000, 0x0000023e60dd0000, 0x0000023e60dd2800, 0x0000023e60dce000,
0x0000023e5d830800, 0x0000023e5d831800, 0x0000023e5d832800, 0x0000023e5d82e800,
0x0000023e5d82d800, 0x0000023e5d82c800, 0x0000023e5d833000, 0x0000023e5d834000,
0x0000023e5d835000, 0x0000023e5d82f000, 0x0000023e5d835800, 0x0000023e5d830000,
0x0000023e5d839000, 0x0000023e5d837800, 0x0000023e5d838000, 0x0000023e5d839800,
0x0000023e5d83b800, 0x0000023e5d836800, 0x0000023e5d83a800, 0x0000023e5d8c6000,
0x0000023e5d8c7000, 0x0000023e5d8c3800, 0x0000023e5d8c4800, 0x0000023e5d8c1000,
0x0000023e5d8c8000, 0x0000023e5d8c5800, 0x0000023e5d8c2000, 0x0000023e5d8c8800,
0x0000023e5d8c3000, 0x0000023e5d8c9800, 0x0000023e5d8cd800, 0x0000023e5d8ce800,
0x0000023e5d8d0000, 0x0000023e5d8cc800, 0x0000023e5d8cf000, 0x0000023e5d8ca000,
0x0000023e5d8cb000, 0x0000023e5d8cc000, 0x0000023e5d318000, 0x0000023e5d319000,
0x0000023e5d31b800, 0x0000023e5d31e000, 0x0000023e5d31c000, 0x0000023e5d31d000,
0x0000023e5d319800, 0x0000023e5d31e800, 0x0000023e5d31a800, 0x0000023e619c0800,
0x0000023e619bc800, 0x0000023e619c1800, 0x0000023e619bd800, 0x0000023e619bb800,
0x0000023e619c4000, 0x0000023e619be000, 0x0000023e619c4800, 0x0000023e619c3000,
0x0000023e619c0000, 0x0000023e619bf000, 0x0000023e619c5800, 0x0000023e619c6800,
0x0000023e619c7000, 0x0000023e619c8000, 0x0000023e619c2000, 0x0000023e619c9000
}

Java Threads: ( => current thread )
  0x0000023e3d38a800 JavaThread "main" [_thread_blocked, id=16892, stack(0x000000ba97300000,0x000000ba97400000)]
  0x0000023e57f7b000 JavaThread "Reference Handler" daemon [_thread_blocked, id=16304, stack(0x000000ba97a00000,0x000000ba97b00000)]
  0x0000023e57f84800 JavaThread "Finalizer" daemon [_thread_blocked, id=6940, stack(0x000000ba97b00000,0x000000ba97c00000)]
  0x0000023e57fd4800 JavaThread "Signal Dispatcher" daemon [_thread_blocked, id=15380, stack(0x000000ba97c00000,0x000000ba97d00000)]
  0x0000023e57fd5800 JavaThread "Attach Listener" daemon [_thread_blocked, id=1208, stack(0x000000ba97d00000,0x000000ba97e00000)]
  0x0000023e57fd8000 JavaThread "Service Thread" daemon [_thread_blocked, id=11072, stack(0x000000ba97e00000,0x000000ba97f00000)]
  0x0000023e57fde000 JavaThread "C2 CompilerThread0" daemon [_thread_in_native, id=13804, stack(0x000000ba97f00000,0x000000ba98000000)]
  0x0000023e57fe7800 JavaThread "C1 CompilerThread0" daemon [_thread_blocked, id=1892, stack(0x000000ba98000000,0x000000ba98100000)]
  0x0000023e57fee000 JavaThread "Sweeper thread" daemon [_thread_blocked, id=11492, stack(0x000000ba98100000,0x000000ba98200000)]
  0x0000023e58a82800 JavaThread "Common-Cleaner" daemon [_thread_blocked, id=12572, stack(0x000000ba98200000,0x000000ba98300000)]
  0x0000023e59e84000 JavaThread "Daemon health stats" [_thread_blocked, id=11632, stack(0x000000ba98500000,0x000000ba98600000)]
  0x0000023e5a11c800 JavaThread "Incoming local TCP Connector on port 8174" [_thread_in_native, id=11172, stack(0x000000ba98800000,0x000000ba98900000)]
  0x0000023e59c91800 JavaThread "Daemon periodic checks" [_thread_blocked, id=11692, stack(0x000000ba98900000,0x000000ba98a00000)]
  0x0000023e5a378000 JavaThread "Cache worker for journal cache (C:\Users\PCV\.gradle\caches\journal-1)" [_thread_blocked, id=13980, stack(0x000000ba99700000,0x000000ba99800000)]
  0x0000023e5a373000 JavaThread "File lock request listener" [_thread_in_native, id=17252, stack(0x000000ba99800000,0x000000ba99900000)]
  0x0000023e5a377000 JavaThread "Cache worker for file hash cache (C:\Users\PCV\.gradle\caches\6.5\fileHashes)" [_thread_blocked, id=16116, stack(0x000000ba99900000,0x000000ba99a00000)]
  0x0000023e5b429000 JavaThread "Cache worker for execution history cache (C:\Users\PCV\.gradle\caches\6.5\executionHistory)" [_thread_blocked, id=8096, stack(0x000000ba9b300000,0x000000ba9b400000)]
  0x0000023e5b425000 JavaThread "Cache worker for file content cache (C:\Users\PCV\.gradle\caches\6.5\fileContent)" [_thread_blocked, id=16288, stack(0x000000ba9b400000,0x000000ba9b500000)]
  0x0000023e5d085000 JavaThread "Memory manager" [_thread_blocked, id=14576, stack(0x000000baa0800000,0x000000baa0900000)]
  0x0000023e5d081000 JavaThread "Daemon Thread 3" [_thread_blocked, id=11308, stack(0x000000ba97000000,0x000000ba97100000)]
  0x0000023e5d083000 JavaThread "Handler for socket connection from /127.0.0.1:8174 to /127.0.0.1:8331" [_thread_in_native, id=10540, stack(0x000000ba98600000,0x000000ba98700000)]
  0x0000023e5d082000 JavaThread "Cancel handler" [_thread_blocked, id=1956, stack(0x000000ba98700000,0x000000ba98800000)]
  0x0000023e5d07f800 JavaThread "Daemon worker Thread 3" [_thread_blocked, id=7572, stack(0x000000ba98a00000,0x000000ba98b00000)]
  0x0000023e5d083800 JavaThread "Asynchronous log dispatcher for DefaultDaemonConnection: socket connection from /127.0.0.1:8174 to /127.0.0.1:8331" [_thread_blocked, id=6524, stack(0x000000ba98d00000,0x000000ba98e00000)]
  0x0000023e5d084800 JavaThread "Stdin handler" [_thread_blocked, id=15448, stack(0x000000ba98e00000,0x000000ba98f00000)]
  0x0000023e5d086000 JavaThread "Thread-247" [_thread_blocked, id=9556, stack(0x000000ba98f00000,0x000000ba99000000)]
  0x0000023e5d080800 JavaThread "Cache worker for file hash cache (C:\Users\PCV\StudioProjects\THINKable\.gradle\6.5\fileHashes)" [_thread_blocked, id=10484, stack(0x000000ba99600000,0x000000ba99700000)]
  0x0000023e5d088800 JavaThread "Cache worker for checksums cache (C:\Users\PCV\StudioProjects\THINKable\.gradle\checksums)" [_thread_blocked, id=13336, stack(0x000000ba99b00000,0x000000ba99c00000)]
  0x0000023e5d089800 JavaThread "Cache worker for cache directory md-supplier (C:\Users\PCV\.gradle\caches\6.5\md-supplier)" [_thread_blocked, id=15924, stack(0x000000ba99c00000,0x000000ba99d00000)]
  0x0000023e5d087000 JavaThread "Cache worker for cache directory md-rule (C:\Users\PCV\.gradle\caches\6.5\md-rule)" [_thread_blocked, id=1900, stack(0x000000ba99d00000,0x000000ba99e00000)]
  0x0000023e5d08d800 JavaThread "Build operations" [_thread_blocked, id=9752, stack(0x000000ba99e00000,0x000000ba99f00000)]
  0x0000023e5d08e000 JavaThread "Build operations Thread 2" [_thread_blocked, id=7668, stack(0x000000ba99f00000,0x000000ba9a000000)]
  0x0000023e5d08b800 JavaThread "Build operations Thread 3" [_thread_blocked, id=14724, stack(0x000000ba9a000000,0x000000ba9a100000)]
  0x0000023e5d08c800 JavaThread "Build operations Thread 4" [_thread_blocked, id=4480, stack(0x000000ba9a100000,0x000000ba9a200000)]
  0x0000023e5d08a000 JavaThread "Build operations Thread 5" [_thread_blocked, id=12616, stack(0x000000ba9a200000,0x000000ba9a300000)]
  0x0000023e5d08b000 JavaThread "Build operations Thread 6" [_thread_blocked, id=15396, stack(0x000000ba9a300000,0x000000ba9a400000)]
  0x0000023e5b428800 JavaThread "Build operations Thread 7" [_thread_blocked, id=3376, stack(0x000000ba9a400000,0x000000ba9a500000)]
  0x0000023e5b42b000 JavaThread "Build operations Thread 8" [_thread_blocked, id=16016, stack(0x000000ba9a500000,0x000000ba9a600000)]
  0x0000023e5b42b800 JavaThread "jar transforms Thread 189" [_thread_blocked, id=16764, stack(0x000000ba9a600000,0x000000ba9a700000)]
  0x0000023e5b426000 JavaThread "jar transforms Thread 190" [_thread_blocked, id=1000, stack(0x000000ba9a700000,0x000000ba9a800000)]
  0x0000023e5b42c800 JavaThread "jar transforms Thread 191" [_thread_blocked, id=11792, stack(0x000000ba9a800000,0x000000ba9a900000)]
  0x0000023e5b427000 JavaThread "jar transforms Thread 192" [_thread_blocked, id=13796, stack(0x000000ba9a900000,0x000000ba9aa00000)]
  0x0000023e5b432000 JavaThread "jar transforms Thread 193" [_thread_blocked, id=3480, stack(0x000000ba9aa00000,0x000000ba9ab00000)]
  0x0000023e5b433000 JavaThread "jar transforms Thread 194" [_thread_blocked, id=6068, stack(0x000000ba9ab00000,0x000000ba9ac00000)]
  0x0000023e5b42d800 JavaThread "jar transforms Thread 195" [_thread_blocked, id=12104, stack(0x000000ba9ac00000,0x000000ba9ad00000)]
  0x0000023e5b430800 JavaThread "jar transforms Thread 196" [_thread_blocked, id=8892, stack(0x000000ba9ad00000,0x000000ba9ae00000)]
  0x0000023e5b430000 JavaThread "jar transforms Thread 197" [_thread_blocked, id=14660, stack(0x000000ba9ae00000,0x000000ba9af00000)]
  0x0000023e5b434000 JavaThread "jar transforms Thread 198" [_thread_blocked, id=10336, stack(0x000000ba9af00000,0x000000ba9b000000)]
  0x0000023e5b42e000 JavaThread "jar transforms Thread 199" [_thread_blocked, id=12844, stack(0x000000ba9b000000,0x000000ba9b100000)]
  0x0000023e5b431800 JavaThread "jar transforms Thread 200" [_thread_blocked, id=6820, stack(0x000000ba9b100000,0x000000ba9b200000)]
  0x0000023e5b42f000 JavaThread "jar transforms Thread 201" [_thread_blocked, id=4788, stack(0x000000ba9b200000,0x000000ba9b300000)]
  0x0000023e5a374800 JavaThread "jar transforms Thread 202" [_thread_blocked, id=644, stack(0x000000ba9b500000,0x000000ba9b600000)]
  0x0000023e5a374000 JavaThread "jar transforms Thread 203" [_thread_blocked, id=6252, stack(0x000000ba9b600000,0x000000ba9b700000)]
  0x0000023e5a372000 JavaThread "jar transforms Thread 204" [_thread_blocked, id=15788, stack(0x000000ba9b700000,0x000000ba9b800000)]
  0x0000023e5a379000 JavaThread "jar transforms Thread 205" [_thread_blocked, id=5732, stack(0x000000ba9b800000,0x000000ba9b900000)]
  0x0000023e5a375800 JavaThread "jar transforms Thread 206" [_thread_blocked, id=12704, stack(0x000000ba9b900000,0x000000ba9ba00000)]
  0x0000023e5a376800 JavaThread "jar transforms Thread 207" [_thread_blocked, id=4992, stack(0x000000ba9ba00000,0x000000ba9bb00000)]
  0x0000023e5c0ae000 JavaThread "jar transforms Thread 208" [_thread_blocked, id=15668, stack(0x000000ba9bb00000,0x000000ba9bc00000)]
  0x0000023e5c0b2000 JavaThread "jar transforms Thread 209" [_thread_blocked, id=4060, stack(0x000000ba9bc00000,0x000000ba9bd00000)]
  0x0000023e5c0ad000 JavaThread "jar transforms Thread 210" [_thread_blocked, id=8656, stack(0x000000ba9bd00000,0x000000ba9be00000)]
  0x0000023e5c0ae800 JavaThread "jar transforms Thread 211" [_thread_blocked, id=15884, stack(0x000000ba9be00000,0x000000ba9bf00000)]
  0x0000023e5c0ac000 JavaThread "jar transforms Thread 212" [_thread_blocked, id=4884, stack(0x000000ba9bf00000,0x000000ba9c000000)]
  0x0000023e5c0b2800 JavaThread "jar transforms Thread 213" [_thread_blocked, id=15308, stack(0x000000ba9c000000,0x000000ba9c100000)]
  0x0000023e5c0b0800 JavaThread "jar transforms Thread 214" [_thread_blocked, id=12828, stack(0x000000ba9c100000,0x000000ba9c200000)]
  0x0000023e5c0b4800 JavaThread "jar transforms Thread 215" [_thread_blocked, id=9356, stack(0x000000ba9c200000,0x000000ba9c300000)]
  0x0000023e5c0b1000 JavaThread "jar transforms Thread 216" [_thread_blocked, id=288, stack(0x000000ba9c300000,0x000000ba9c400000)]
  0x0000023e5c0b5000 JavaThread "jar transforms Thread 217" [_thread_blocked, id=17340, stack(0x000000ba9c400000,0x000000ba9c500000)]
  0x0000023e5c0b3800 JavaThread "jar transforms Thread 218" [_thread_blocked, id=4776, stack(0x000000ba9c500000,0x000000ba9c600000)]
  0x0000023e5c0af800 JavaThread "jar transforms Thread 219" [_thread_blocked, id=9768, stack(0x000000ba9c600000,0x000000ba9c700000)]
  0x0000023e5c0bb000 JavaThread "jar transforms Thread 220" [_thread_blocked, id=3448, stack(0x000000ba9c700000,0x000000ba9c800000)]
  0x0000023e5c0ba000 JavaThread "jar transforms Thread 221" [_thread_blocked, id=1980, stack(0x000000ba9c800000,0x000000ba9c900000)]
  0x0000023e5c0b6000 JavaThread "jar transforms Thread 222" [_thread_blocked, id=15156, stack(0x000000ba9c900000,0x000000ba9ca00000)]
  0x0000023e5c0b9800 JavaThread "jar transforms Thread 223" [_thread_blocked, id=8868, stack(0x000000ba9ca00000,0x000000ba9cb00000)]
  0x0000023e5c0b7000 JavaThread "jar transforms Thread 224" [_thread_blocked, id=17020, stack(0x000000ba9cb00000,0x000000ba9cc00000)]
  0x0000023e5c0b7800 JavaThread "jar transforms Thread 225" [_thread_blocked, id=17208, stack(0x000000ba9cc00000,0x000000ba9cd00000)]
  0x0000023e5c0b8800 JavaThread "jar transforms Thread 226" [_thread_blocked, id=11704, stack(0x000000ba9cd00000,0x000000ba9ce00000)]
  0x0000023e60c83000 JavaThread "jar transforms Thread 227" [_thread_blocked, id=8760, stack(0x000000ba9ce00000,0x000000ba9cf00000)]
  0x0000023e60c7d800 JavaThread "jar transforms Thread 228" [_thread_blocked, id=8708, stack(0x000000ba9cf00000,0x000000ba9d000000)]
  0x0000023e60c7e000 JavaThread "jar transforms Thread 229" [_thread_blocked, id=10376, stack(0x000000ba9d000000,0x000000ba9d100000)]
  0x0000023e60c7f000 JavaThread "jar transforms Thread 230" [_thread_blocked, id=9508, stack(0x000000ba9d100000,0x000000ba9d200000)]
  0x0000023e60c81800 JavaThread "jar transforms Thread 231" [_thread_blocked, id=11028, stack(0x000000ba9d200000,0x000000ba9d300000)]
  0x0000023e60c80000 JavaThread "jar transforms Thread 232" [_thread_blocked, id=9588, stack(0x000000ba9d300000,0x000000ba9d400000)]
  0x0000023e60c80800 JavaThread "jar transforms Thread 233" [_thread_blocked, id=2752, stack(0x000000ba9d400000,0x000000ba9d500000)]
  0x0000023e60c82000 JavaThread "jar transforms Thread 234" [_thread_blocked, id=9972, stack(0x000000ba9d500000,0x000000ba9d600000)]
  0x0000023e60c84000 JavaThread "jar transforms Thread 235" [_thread_blocked, id=10776, stack(0x000000ba9d600000,0x000000ba9d700000)]
  0x0000023e60dc7800 JavaThread "jar transforms Thread 236" [_thread_blocked, id=1360, stack(0x000000ba9d700000,0x000000ba9d800000)]
  0x0000023e60dc9800 JavaThread "jar transforms Thread 237" [_thread_blocked, id=7324, stack(0x000000ba9d800000,0x000000ba9d900000)]
  0x0000023e60dc4000 JavaThread "jar transforms Thread 238" [_thread_blocked, id=2340, stack(0x000000ba9d900000,0x000000ba9da00000)]
  0x0000023e60dc9000 JavaThread "jar transforms Thread 239" [_thread_blocked, id=15476, stack(0x000000ba9da00000,0x000000ba9db00000)]
  0x0000023e60dc8000 JavaThread "jar transforms Thread 240" [_thread_blocked, id=14220, stack(0x000000ba9db00000,0x000000ba9dc00000)]
  0x0000023e60dca800 JavaThread "jar transforms Thread 241" [_thread_blocked, id=15412, stack(0x000000ba9dc00000,0x000000ba9dd00000)]
  0x0000023e60dc6800 JavaThread "jar transforms Thread 242" [_thread_blocked, id=1476, stack(0x000000ba9dd00000,0x000000ba9de00000)]
  0x0000023e60dc5000 JavaThread "jar transforms Thread 243" [_thread_blocked, id=2888, stack(0x000000ba9de00000,0x000000ba9df00000)]
  0x0000023e60dcb800 JavaThread "jar transforms Thread 244" [_thread_blocked, id=14716, stack(0x000000ba9df00000,0x000000ba9e000000)]
  0x0000023e60dc5800 JavaThread "jar transforms Thread 245" [_thread_blocked, id=5196, stack(0x000000ba9e000000,0x000000ba9e100000)]
  0x0000023e60dd1000 JavaThread "jar transforms Thread 246" [_thread_blocked, id=10272, stack(0x000000ba9e100000,0x000000ba9e200000)]
  0x0000023e60dcd000 JavaThread "jar transforms Thread 247" [_thread_blocked, id=14404, stack(0x000000ba9e200000,0x000000ba9e300000)]
  0x0000023e60dce800 JavaThread "jar transforms Thread 248" [_thread_blocked, id=11860, stack(0x000000ba9e300000,0x000000ba9e400000)]
  0x0000023e60dd2000 JavaThread "jar transforms Thread 249" [_thread_blocked, id=16552, stack(0x000000ba9e400000,0x000000ba9e500000)]
  0x0000023e60dcf800 JavaThread "jar transforms Thread 250" [_thread_blocked, id=12000, stack(0x000000ba9e500000,0x000000ba9e600000)]
  0x0000023e60dcc000 JavaThread "jar transforms Thread 251" [_thread_blocked, id=9500, stack(0x000000ba9e600000,0x000000ba9e700000)]
  0x0000023e60dd0000 JavaThread "jar transforms Thread 252" [_thread_blocked, id=9544, stack(0x000000ba9e700000,0x000000ba9e800000)]
  0x0000023e60dd2800 JavaThread "jar transforms Thread 253" [_thread_blocked, id=2148, stack(0x000000ba9e800000,0x000000ba9e900000)]
  0x0000023e60dce000 JavaThread "jar transforms Thread 254" [_thread_blocked, id=7388, stack(0x000000ba9e900000,0x000000ba9ea00000)]
  0x0000023e5d830800 JavaThread "jar transforms Thread 255" [_thread_blocked, id=6188, stack(0x000000ba9ea00000,0x000000ba9eb00000)]
  0x0000023e5d831800 JavaThread "jar transforms Thread 256" [_thread_blocked, id=13324, stack(0x000000ba9eb00000,0x000000ba9ec00000)]
  0x0000023e5d832800 JavaThread "jar transforms Thread 257" [_thread_blocked, id=6480, stack(0x000000ba9ec00000,0x000000ba9ed00000)]
  0x0000023e5d82e800 JavaThread "jar transforms Thread 258" [_thread_blocked, id=6840, stack(0x000000ba9ed00000,0x000000ba9ee00000)]
  0x0000023e5d82d800 JavaThread "jar transforms Thread 259" [_thread_blocked, id=7316, stack(0x000000ba9ee00000,0x000000ba9ef00000)]
  0x0000023e5d82c800 JavaThread "jar transforms Thread 260" [_thread_blocked, id=12964, stack(0x000000ba9ef00000,0x000000ba9f000000)]
  0x0000023e5d833000 JavaThread "jar transforms Thread 261" [_thread_blocked, id=9836, stack(0x000000ba9f000000,0x000000ba9f100000)]
  0x0000023e5d834000 JavaThread "jar transforms Thread 262" [_thread_blocked, id=13148, stack(0x000000ba9f100000,0x000000ba9f200000)]
  0x0000023e5d835000 JavaThread "jar transforms Thread 263" [_thread_blocked, id=5300, stack(0x000000ba9f200000,0x000000ba9f300000)]
  0x0000023e5d82f000 JavaThread "jar transforms Thread 264" [_thread_blocked, id=13816, stack(0x000000ba9f300000,0x000000ba9f400000)]
  0x0000023e5d835800 JavaThread "jar transforms Thread 265" [_thread_blocked, id=7820, stack(0x000000ba9f400000,0x000000ba9f500000)]
  0x0000023e5d830000 JavaThread "jar transforms Thread 266" [_thread_blocked, id=1212, stack(0x000000ba9f500000,0x000000ba9f600000)]
  0x0000023e5d839000 JavaThread "jar transforms Thread 267" [_thread_blocked, id=14636, stack(0x000000ba9f600000,0x000000ba9f700000)]
  0x0000023e5d837800 JavaThread "jar transforms Thread 268" [_thread_blocked, id=9968, stack(0x000000ba9f700000,0x000000ba9f800000)]
  0x0000023e5d838000 JavaThread "jar transforms Thread 269" [_thread_blocked, id=15092, stack(0x000000ba9f800000,0x000000ba9f900000)]
  0x0000023e5d839800 JavaThread "jar transforms Thread 270" [_thread_blocked, id=14472, stack(0x000000ba9f900000,0x000000ba9fa00000)]
  0x0000023e5d83b800 JavaThread "jar transforms Thread 271" [_thread_blocked, id=5948, stack(0x000000ba9fa00000,0x000000ba9fb00000)]
  0x0000023e5d836800 JavaThread "jar transforms Thread 272" [_thread_blocked, id=15848, stack(0x000000ba9fb00000,0x000000ba9fc00000)]
  0x0000023e5d83a800 JavaThread "jar transforms Thread 273" [_thread_blocked, id=10760, stack(0x000000ba9fc00000,0x000000ba9fd00000)]
  0x0000023e5d8c6000 JavaThread "jar transforms Thread 274" [_thread_blocked, id=7344, stack(0x000000ba9fd00000,0x000000ba9fe00000)]
  0x0000023e5d8c7000 JavaThread "jar transforms Thread 275" [_thread_blocked, id=276, stack(0x000000ba9fe00000,0x000000ba9ff00000)]
  0x0000023e5d8c3800 JavaThread "jar transforms Thread 276" [_thread_blocked, id=13996, stack(0x000000ba9ff00000,0x000000baa0000000)]
  0x0000023e5d8c4800 JavaThread "jar transforms Thread 277" [_thread_blocked, id=11036, stack(0x000000baa0000000,0x000000baa0100000)]
  0x0000023e5d8c1000 JavaThread "jar transforms Thread 278" [_thread_blocked, id=15868, stack(0x000000baa0100000,0x000000baa0200000)]
  0x0000023e5d8c8000 JavaThread "jar transforms Thread 279" [_thread_blocked, id=14864, stack(0x000000baa0200000,0x000000baa0300000)]
  0x0000023e5d8c5800 JavaThread "jar transforms Thread 280" [_thread_blocked, id=15272, stack(0x000000baa0300000,0x000000baa0400000)]
  0x0000023e5d8c2000 JavaThread "jar transforms Thread 281" [_thread_blocked, id=9236, stack(0x000000baa0400000,0x000000baa0500000)]
  0x0000023e5d8c8800 JavaThread "jar transforms Thread 282" [_thread_blocked, id=5648, stack(0x000000baa0500000,0x000000baa0600000)]
  0x0000023e5d8c3000 JavaThread "Cache worker for Build Output Cleanup Cache (C:\Users\PCV\StudioProjects\THINKable\.gradle\buildOutputCleanup)" [_thread_blocked, id=13416, stack(0x000000baa0600000,0x000000baa0700000)]
  0x0000023e5d8c9800 JavaThread "Cache worker for file content cache (C:\Users\PCV\StudioProjects\THINKable\.gradle\6.5\fileContent)" [_thread_blocked, id=3944, stack(0x000000baa0700000,0x000000baa0800000)]
  0x0000023e5d8cd800 JavaThread "Execution worker for ':'" [_thread_blocked, id=6412, stack(0x000000baa0900000,0x000000baa0a00000)]
  0x0000023e5d8ce800 JavaThread "Execution worker for ':' Thread 2" [_thread_blocked, id=12740, stack(0x000000baa0a00000,0x000000baa0b00000)]
  0x0000023e5d8d0000 JavaThread "Execution worker for ':' Thread 3" [_thread_blocked, id=15828, stack(0x000000baa0b00000,0x000000baa0c00000)]
  0x0000023e5d8cc800 JavaThread "Execution worker for ':' Thread 4" [_thread_blocked, id=5600, stack(0x000000baa0c00000,0x000000baa0d00000)]
  0x0000023e5d8cf000 JavaThread "Execution worker for ':' Thread 5" [_thread_blocked, id=12136, stack(0x000000baa0d00000,0x000000baa0e00000)]
  0x0000023e5d8ca000 JavaThread "Execution worker for ':' Thread 6" [_thread_blocked, id=6040, stack(0x000000baa0e00000,0x000000baa0f00000)]
  0x0000023e5d8cb000 JavaThread "Execution worker for ':' Thread 7" [_thread_blocked, id=14476, stack(0x000000baa0f00000,0x000000baa1000000)]
  0x0000023e5d8cc000 JavaThread "Cache worker for execution history cache (C:\Users\PCV\StudioProjects\THINKable\.gradle\6.5\executionHistory)" [_thread_blocked, id=7304, stack(0x000000baa1000000,0x000000baa1100000)]
  0x0000023e5d318000 JavaThread "WorkerExecutor Queue" [_thread_blocked, id=7120, stack(0x000000baa1100000,0x000000baa1200000)]
  0x0000023e5d319000 JavaThread "WorkerExecutor Queue Thread 2" [_thread_blocked, id=3092, stack(0x000000baa1200000,0x000000baa1300000)]
  0x0000023e5d31b800 JavaThread "WorkerExecutor Queue Thread 3" [_thread_blocked, id=4428, stack(0x000000baa1300000,0x000000baa1400000)]
  0x0000023e5d31e000 JavaThread "WorkerExecutor Queue Thread 4" [_thread_blocked, id=17016, stack(0x000000baa1400000,0x000000baa1500000)]
  0x0000023e5d31c000 JavaThread "WorkerExecutor Queue Thread 5" [_thread_blocked, id=12540, stack(0x000000baa1500000,0x000000baa1600000)]
  0x0000023e5d31d000 JavaThread "WorkerExecutor Queue Thread 6" [_thread_blocked, id=16408, stack(0x000000baa1600000,0x000000baa1700000)]
  0x0000023e5d319800 JavaThread "WorkerExecutor Queue Thread 7" [_thread_blocked, id=6088, stack(0x000000baa1700000,0x000000baa1800000)]
  0x0000023e5d31e800 JavaThread "WorkerExecutor Queue Thread 8" [_thread_blocked, id=16072, stack(0x000000baa1800000,0x000000baa1900000)]
  0x0000023e5d31a800 JavaThread "Java2D Disposer" daemon [_thread_blocked, id=4508, stack(0x000000baa1b00000,0x000000baa1c00000)]
  0x0000023e619c0800 JavaThread "pool-5-thread-1" [_thread_blocked, id=8116, stack(0x000000baa1c00000,0x000000baa1d00000)]
  0x0000023e619bc800 JavaThread "stderr" [_thread_in_native, id=17088, stack(0x000000baa1d00000,0x000000baa1e00000)]
  0x0000023e619c1800 JavaThread "stderr" [_thread_blocked, id=9468, stack(0x000000baa1e00000,0x000000baa1f00000)]
  0x0000023e619bd800 JavaThread "stderr" [_thread_in_native, id=6696, stack(0x000000baa1f00000,0x000000baa2000000)]
  0x0000023e619bb800 JavaThread "stdout" [_thread_in_native, id=16248, stack(0x000000baa2000000,0x000000baa2100000)]
  0x0000023e619c4000 JavaThread "stderr" [_thread_in_native, id=13864, stack(0x000000baa2100000,0x000000baa2200000)]
  0x0000023e619be000 JavaThread "stderr" [_thread_in_native, id=14620, stack(0x000000baa2200000,0x000000baa2300000)]
  0x0000023e619c4800 JavaThread "stdout" [_thread_in_native, id=12736, stack(0x000000baa2300000,0x000000baa2400000)]
  0x0000023e619c3000 JavaThread "stderr" [_thread_in_native, id=9348, stack(0x000000baa2400000,0x000000baa2500000)]
  0x0000023e619c0000 JavaThread "stdout" [_thread_in_native, id=9300, stack(0x000000baa2500000,0x000000baa2600000)]
  0x0000023e619bf000 JavaThread "stdout" [_thread_in_native, id=15224, stack(0x000000baa2600000,0x000000baa2700000)]
  0x0000023e619c5800 JavaThread "stdout" [_thread_in_native, id=11456, stack(0x000000baa2700000,0x000000baa2800000)]
  0x0000023e619c6800 JavaThread "stdout" [_thread_in_native, id=10100, stack(0x000000baa2800000,0x000000baa2900000)]
  0x0000023e619c7000 JavaThread "stderr" [_thread_in_native, id=10632, stack(0x000000baa2900000,0x000000baa2a00000)]
  0x0000023e619c8000 JavaThread "stdout" [_thread_in_native, id=8924, stack(0x000000baa2a00000,0x000000baa2b00000)]
  0x0000023e619c2000 JavaThread "stderr" [_thread_in_native, id=1940, stack(0x000000baa2b00000,0x000000baa2c00000)]
  0x0000023e619c9000 JavaThread "stdout" [_thread_in_native, id=16196, stack(0x000000baa2c00000,0x000000baa2d00000)]

Other Threads:
=>0x0000023e57f76800 VMThread "VM Thread" [stack: 0x000000ba97900000,0x000000ba97a00000] [id=10780] _threads_hazard_ptr=0x0000023e5cd874c0
  0x0000023e58aab800 WatcherThread [stack: 0x000000ba98300000,0x000000ba98400000] [id=2952]
  0x0000023e3d3a2000 GCTaskThread "GC Thread#0" [stack: 0x000000ba97400000,0x000000ba97500000] [id=15564]
  0x0000023e59901000 GCTaskThread "GC Thread#1" [stack: 0x000000ba98400000,0x000000ba98500000] [id=12480]
  0x0000023e5a380000 GCTaskThread "GC Thread#2" [stack: 0x000000ba99000000,0x000000ba99100000] [id=6240]
  0x0000023e5a383000 GCTaskThread "GC Thread#3" [stack: 0x000000ba99100000,0x000000ba99200000] [id=9560]
  0x0000023e5a383800 GCTaskThread "GC Thread#4" [stack: 0x000000ba99200000,0x000000ba99300000] [id=9992]
  0x0000023e5a384800 GCTaskThread "GC Thread#5" [stack: 0x000000ba99300000,0x000000ba99400000] [id=7312]
  0x0000023e5a3ce000 GCTaskThread "GC Thread#6" [stack: 0x000000ba99400000,0x000000ba99500000] [id=8308]
  0x0000023e5a3cf000 GCTaskThread "GC Thread#7" [stack: 0x000000ba99500000,0x000000ba99600000] [id=9668]
  0x0000023e3d3d4000 ConcurrentGCThread "G1 Main Marker" [stack: 0x000000ba97500000,0x000000ba97600000] [id=5168]
  0x0000023e3d3d5800 ConcurrentGCThread "G1 Conc#0" [stack: 0x000000ba97600000,0x000000ba97700000] [id=468]
  0x0000023e5a3c4800 ConcurrentGCThread "G1 Conc#1" [stack: 0x000000ba99a00000,0x000000ba99b00000] [id=5856]
  0x0000023e3d433800 ConcurrentGCThread "G1 Refine#0" [stack: 0x000000ba97700000,0x000000ba97800000] [id=11684]
  0x0000023e58ad8000 ConcurrentGCThread "G1 Refine#1" [stack: 0x000000ba97100000,0x000000ba97200000] [id=5272]
  0x0000023e5a20f000 ConcurrentGCThread "G1 Refine#2" [stack: 0x000000ba97200000,0x000000ba97300000] [id=3604]
  0x0000023e5ca24800 ConcurrentGCThread "G1 Refine#3" [stack: 0x000000ba98b00000,0x000000ba98c00000] [id=14376]
  0x0000023e5cc32800 ConcurrentGCThread "G1 Refine#4" [stack: 0x000000ba98c00000,0x000000ba98d00000] [id=14288]
  0x0000023e3d434800 ConcurrentGCThread "G1 Young RemSet Sampling" [stack: 0x000000ba97800000,0x000000ba97900000] [id=16376]

Threads with active compile tasks:
C2 CompilerThread01120005 16392   !   4       java.io.ObjectInputStream::readSerialData (563 bytes)

VM state:at safepoint (normal execution)

VM Mutex/Monitor currently owned by a thread:  ([mutex/lock_event])
[0x0000023e3d3872a0] Threads_lock - owner thread: 0x0000023e57f76800

Heap address: 0x0000000080000000, size: 2048 MB, Compressed Oops mode: 32-bit
Narrow klass base: 0x0000000000000000, Narrow klass shift: 3
Compressed class space size: 1073741824 Address: 0x0000000100000000

Heap:
 garbage-first heap   total 190464K, used 144922K [0x0000000080000000, 0x0000000100000000)
  region size 1024K, 7 young (7168K), 3 survivors (3072K)
 Metaspace       used 114005K, capacity 117021K, committed 117248K, reserved 1150976K
  class space    used 13942K, capacity 15045K, committed 15104K, reserved 1048576K
Heap Regions: E=young(eden), S=young(survivor), O=old, HS=humongous(starts), HC=humongous(continues), CS=collection set, F=free, A=archive, TAMS=top-at-mark-start (previous, next)
|   0|0x0000000080000000, 0x0000000080100000, 0x0000000080100000|100%| O|  |TAMS 0x0000000080100000, 0x0000000080000000| Complete 
|   1|0x0000000080100000, 0x0000000080200000, 0x0000000080200000|100%| O|  |TAMS 0x0000000080200000, 0x0000000080100000| Untracked 
|   2|0x0000000080200000, 0x0000000080300000, 0x0000000080300000|100%| O|  |TAMS 0x0000000080300000, 0x0000000080200000| Complete 
|   3|0x0000000080300000, 0x0000000080400000, 0x0000000080400000|100%|HS|  |TAMS 0x0000000080400000, 0x0000000080300000| Complete 
|   4|0x0000000080400000, 0x0000000080500000, 0x0000000080500000|100%|HC|  |TAMS 0x0000000080500000, 0x0000000080400000| Complete 
|   5|0x0000000080500000, 0x0000000080600000, 0x0000000080600000|100%|HC|  |TAMS 0x0000000080600000, 0x0000000080500000| Complete 
|   6|0x0000000080600000, 0x0000000080700000, 0x0000000080700000|100%| O|  |TAMS 0x0000000080700000, 0x0000000080600000| Untracked 
|   7|0x0000000080700000, 0x0000000080800000, 0x0000000080800000|100%| O|  |TAMS 0x0000000080800000, 0x0000000080700000| Untracked 
|   8|0x0000000080800000, 0x0000000080900000, 0x0000000080900000|100%| O|  |TAMS 0x0000000080900000, 0x0000000080800000| Complete 
|   9|0x0000000080900000, 0x0000000080a00000, 0x0000000080a00000|100%| O|  |TAMS 0x0000000080a00000, 0x0000000080900000| Untracked 
|  10|0x0000000080a00000, 0x0000000080b00000, 0x0000000080b00000|100%| O|  |TAMS 0x0000000080b00000, 0x0000000080a00000| Untracked 
|  11|0x0000000080b00000, 0x0000000080c00000, 0x0000000080c00000|100%| O|  |TAMS 0x0000000080c00000, 0x0000000080b00000| Untracked 
|  12|0x0000000080c00000, 0x0000000080d00000, 0x0000000080d00000|100%| O|  |TAMS 0x0000000080d00000, 0x0000000080c00000| Untracked 
|  13|0x0000000080d00000, 0x0000000080e00000, 0x0000000080e00000|100%| O|  |TAMS 0x0000000080e00000, 0x0000000080d00000| Untracked 
|  14|0x0000000080e00000, 0x0000000080f00000, 0x0000000080f00000|100%| O|  |TAMS 0x0000000080f00000, 0x0000000080e00000| Untracked 
|  15|0x0000000080f00000, 0x0000000081000000, 0x0000000081000000|100%| O|  |TAMS 0x0000000081000000, 0x0000000080f00000| Complete 
|  16|0x0000000081000000, 0x0000000081100000, 0x0000000081100000|100%|HS|  |TAMS 0x0000000081100000, 0x0000000081000000| Complete 
|  17|0x0000000081100000, 0x0000000081200000, 0x0000000081200000|100%|HC|  |TAMS 0x0000000081200000, 0x0000000081100000| Complete 
|  18|0x0000000081200000, 0x0000000081300000, 0x0000000081300000|100%|HS|  |TAMS 0x0000000081300000, 0x0000000081200000| Complete 
|  19|0x0000000081300000, 0x0000000081400000, 0x0000000081400000|100%|HC|  |TAMS 0x0000000081400000, 0x0000000081300000| Complete 
|  20|0x0000000081400000, 0x0000000081500000, 0x0000000081500000|100%|HC|  |TAMS 0x0000000081500000, 0x0000000081400000| Complete 
|  21|0x0000000081500000, 0x0000000081600000, 0x0000000081600000|100%|HS|  |TAMS 0x0000000081600000, 0x0000000081500000| Complete 
|  22|0x0000000081600000, 0x0000000081700000, 0x0000000081700000|100%|HC|  |TAMS 0x0000000081700000, 0x0000000081600000| Complete 
|  23|0x0000000081700000, 0x0000000081800000, 0x0000000081800000|100%|HC|  |TAMS 0x0000000081800000, 0x0000000081700000| Complete 
|  24|0x0000000081800000, 0x0000000081900000, 0x0000000081900000|100%|HC|  |TAMS 0x0000000081900000, 0x0000000081800000| Complete 
|  25|0x0000000081900000, 0x0000000081a00000, 0x0000000081a00000|100%|HC|  |TAMS 0x0000000081a00000, 0x0000000081900000| Complete 
|  26|0x0000000081a00000, 0x0000000081b00000, 0x0000000081b00000|100%| O|  |TAMS 0x0000000081b00000, 0x0000000081a00000| Complete 
|  27|0x0000000081b00000, 0x0000000081c00000, 0x0000000081c00000|100%| O|  |TAMS 0x0000000081c00000, 0x0000000081b00000| Untracked 
|  28|0x0000000081c00000, 0x0000000081d00000, 0x0000000081d00000|100%| O|  |TAMS 0x0000000081d00000, 0x0000000081c00000| Untracked 
|  29|0x0000000081d00000, 0x0000000081e00000, 0x0000000081e00000|100%| O|  |TAMS 0x0000000081e00000, 0x0000000081d00000| Untracked 
|  30|0x0000000081e00000, 0x0000000081f00000, 0x0000000081f00000|100%| O|  |TAMS 0x0000000081f00000, 0x0000000081e00000| Untracked 
|  31|0x0000000081f00000, 0x0000000082000000, 0x0000000082000000|100%| O|  |TAMS 0x0000000082000000, 0x0000000081f00000| Untracked 
|  32|0x0000000082000000, 0x0000000082100000, 0x0000000082100000|100%| O|  |TAMS 0x0000000082100000, 0x0000000082000000| Complete 
|  33|0x0000000082100000, 0x0000000082200000, 0x0000000082200000|100%| O|  |TAMS 0x0000000082200000, 0x0000000082100000| Complete 
|  34|0x0000000082200000, 0x0000000082300000, 0x0000000082300000|100%| O|  |TAMS 0x0000000082300000, 0x0000000082200000| Untracked 
|  35|0x0000000082300000, 0x0000000082400000, 0x0000000082400000|100%| O|  |TAMS 0x0000000082400000, 0x0000000082300000| Complete 
|  36|0x0000000082400000, 0x0000000082500000, 0x0000000082500000|100%| O|  |TAMS 0x0000000082500000, 0x0000000082400000| Untracked 
|  37|0x0000000082500000, 0x0000000082600000, 0x0000000082600000|100%| O|  |TAMS 0x0000000082600000, 0x0000000082500000| Complete 
|  38|0x0000000082600000, 0x0000000082700000, 0x0000000082700000|100%| O|  |TAMS 0x0000000082700000, 0x0000000082600000| Untracked 
|  39|0x0000000082700000, 0x0000000082800000, 0x0000000082800000|100%| O|  |TAMS 0x0000000082800000, 0x0000000082700000| Complete 
|  40|0x0000000082800000, 0x0000000082900000, 0x0000000082900000|100%| O|  |TAMS 0x0000000082900000, 0x0000000082800000| Untracked 
|  41|0x0000000082900000, 0x0000000082a00000, 0x0000000082a00000|100%| O|  |TAMS 0x0000000082a00000, 0x0000000082900000| Complete 
|  42|0x0000000082a00000, 0x0000000082b00000, 0x0000000082b00000|100%| O|  |TAMS 0x0000000082b00000, 0x0000000082a00000| Complete 
|  43|0x0000000082b00000, 0x0000000082c00000, 0x0000000082c00000|100%| O|  |TAMS 0x0000000082c00000, 0x0000000082b00000| Complete 
|  44|0x0000000082c00000, 0x0000000082d00000, 0x0000000082d00000|100%|HS|  |TAMS 0x0000000082d00000, 0x0000000082c00000| Complete 
|  45|0x0000000082d00000, 0x0000000082e00000, 0x0000000082e00000|100%|HS|  |TAMS 0x0000000082e00000, 0x0000000082d00000| Complete 
|  46|0x0000000082e00000, 0x0000000082f00000, 0x0000000082f00000|100%|HC|  |TAMS 0x0000000082f00000, 0x0000000082e00000| Complete 
|  47|0x0000000082f00000, 0x0000000083000000, 0x0000000083000000|100%| O|  |TAMS 0x0000000083000000, 0x0000000082f00000| Untracked 
|  48|0x0000000083000000, 0x0000000083100000, 0x0000000083100000|100%| O|  |TAMS 0x0000000083100000, 0x0000000083000000| Untracked 
|  49|0x0000000083100000, 0x0000000083200000, 0x0000000083200000|100%| O|  |TAMS 0x0000000083200000, 0x0000000083100000| Untracked 
|  50|0x0000000083200000, 0x0000000083300000, 0x0000000083300000|100%| O|  |TAMS 0x0000000083300000, 0x0000000083200000| Untracked 
|  51|0x0000000083300000, 0x0000000083400000, 0x0000000083400000|100%| O|  |TAMS 0x0000000083400000, 0x0000000083300000| Untracked 
|  52|0x0000000083400000, 0x0000000083500000, 0x0000000083500000|100%| O|  |TAMS 0x0000000083500000, 0x0000000083400000| Untracked 
|  53|0x0000000083500000, 0x0000000083600000, 0x0000000083600000|100%| O|  |TAMS 0x0000000083600000, 0x0000000083500000| Untracked 
|  54|0x0000000083600000, 0x0000000083700000, 0x0000000083700000|100%| O|  |TAMS 0x0000000083700000, 0x0000000083600000| Untracked 
|  55|0x0000000083700000, 0x0000000083800000, 0x0000000083800000|100%| O|  |TAMS 0x0000000083800000, 0x0000000083700000| Untracked 
|  56|0x0000000083800000, 0x0000000083900000, 0x0000000083900000|100%| O|  |TAMS 0x0000000083900000, 0x0000000083800000| Complete 
|  57|0x0000000083900000, 0x0000000083a00000, 0x0000000083a00000|100%| O|  |TAMS 0x0000000083a00000, 0x0000000083900000| Complete 
|  58|0x0000000083a00000, 0x0000000083b00000, 0x0000000083b00000|100%| O|  |TAMS 0x0000000083b00000, 0x0000000083a00000| Complete 
|  59|0x0000000083b00000, 0x0000000083c00000, 0x0000000083c00000|100%| O|  |TAMS 0x0000000083c00000, 0x0000000083b00000| Untracked 
|  60|0x0000000083c00000, 0x0000000083d00000, 0x0000000083d00000|100%| O|  |TAMS 0x0000000083d00000, 0x0000000083c00000| Untracked 
|  61|0x0000000083d00000, 0x0000000083e00000, 0x0000000083e00000|100%| O|  |TAMS 0x0000000083e00000, 0x0000000083d00000| Untracked 
|  62|0x0000000083e00000, 0x0000000083f00000, 0x0000000083f00000|100%| O|  |TAMS 0x0000000083f00000, 0x0000000083e00000| Untracked 
|  63|0x0000000083f00000, 0x0000000084000000, 0x0000000084000000|100%| O|  |TAMS 0x0000000084000000, 0x0000000083f00000| Untracked 
|  64|0x0000000084000000, 0x0000000084100000, 0x0000000084100000|100%| O|  |TAMS 0x0000000084100000, 0x0000000084000000| Complete 
|  65|0x0000000084100000, 0x0000000084200000, 0x0000000084200000|100%| O|  |TAMS 0x0000000084200000, 0x0000000084100000| Complete 
|  66|0x0000000084200000, 0x0000000084300000, 0x0000000084300000|100%| O|  |TAMS 0x0000000084300000, 0x0000000084200000| Untracked 
|  67|0x0000000084300000, 0x0000000084400000, 0x0000000084400000|100%| O|  |TAMS 0x0000000084400000, 0x0000000084300000| Complete 
|  68|0x0000000084400000, 0x0000000084500000, 0x0000000084500000|100%| O|  |TAMS 0x0000000084500000, 0x0000000084400000| Untracked 
|  69|0x0000000084500000, 0x0000000084600000, 0x0000000084600000|100%| O|  |TAMS 0x0000000084600000, 0x0000000084500000| Complete 
|  70|0x0000000084600000, 0x0000000084700000, 0x0000000084700000|100%| O|  |TAMS 0x0000000084700000, 0x0000000084600000| Untracked 
|  71|0x0000000084700000, 0x0000000084800000, 0x0000000084800000|100%| O|  |TAMS 0x0000000084800000, 0x0000000084700000| Complete 
|  72|0x0000000084800000, 0x0000000084900000, 0x0000000084900000|100%| O|  |TAMS 0x0000000084900000, 0x0000000084800000| Untracked 
|  73|0x0000000084900000, 0x0000000084a00000, 0x0000000084a00000|100%| O|  |TAMS 0x0000000084a00000, 0x0000000084900000| Untracked 
|  74|0x0000000084a00000, 0x0000000084b00000, 0x0000000084b00000|100%| O|  |TAMS 0x0000000084b00000, 0x0000000084a00000| Untracked 
|  75|0x0000000084b00000, 0x0000000084c00000, 0x0000000084c00000|100%| O|  |TAMS 0x0000000084c00000, 0x0000000084b00000| Untracked 
|  76|0x0000000084c00000, 0x0000000084d00000, 0x0000000084d00000|100%| O|  |TAMS 0x0000000084d00000, 0x0000000084c00000| Complete 
|  77|0x0000000084d00000, 0x0000000084e00000, 0x0000000084e00000|100%| O|  |TAMS 0x0000000084e00000, 0x0000000084d00000| Untracked 
|  78|0x0000000084e00000, 0x0000000084f00000, 0x0000000084f00000|100%| O|  |TAMS 0x0000000084f00000, 0x0000000084e00000| Complete 
|  79|0x0000000084f00000, 0x0000000085000000, 0x0000000085000000|100%| O|  |TAMS 0x0000000085000000, 0x0000000084f00000| Complete 
|  80|0x0000000085000000, 0x0000000085100000, 0x0000000085100000|100%| O|  |TAMS 0x0000000085100000, 0x0000000085000000| Complete 
|  81|0x0000000085100000, 0x0000000085200000, 0x0000000085200000|100%| O|  |TAMS 0x0000000085200000, 0x0000000085100000| Complete 
|  82|0x0000000085200000, 0x0000000085300000, 0x0000000085300000|100%| O|  |TAMS 0x0000000085300000, 0x0000000085200000| Untracked 
|  83|0x0000000085300000, 0x0000000085400000, 0x0000000085400000|100%| O|  |TAMS 0x0000000085400000, 0x0000000085300000| Complete 
|  84|0x0000000085400000, 0x0000000085500000, 0x0000000085500000|100%| O|  |TAMS 0x0000000085500000, 0x0000000085400000| Untracked 
|  85|0x0000000085500000, 0x0000000085600000, 0x0000000085600000|100%| O|  |TAMS 0x0000000085600000, 0x0000000085500000| Complete 
|  86|0x0000000085600000, 0x0000000085700000, 0x0000000085700000|100%| O|  |TAMS 0x0000000085700000, 0x0000000085600000| Complete 
|  87|0x0000000085700000, 0x0000000085800000, 0x0000000085800000|100%| O|  |TAMS 0x0000000085800000, 0x0000000085700000| Complete 
|  88|0x0000000085800000, 0x0000000085900000, 0x0000000085900000|100%| O|  |TAMS 0x0000000085900000, 0x0000000085800000| Complete 
|  89|0x0000000085900000, 0x0000000085a00000, 0x0000000085a00000|100%| O|  |TAMS 0x0000000085a00000, 0x0000000085900000| Untracked 
|  90|0x0000000085a00000, 0x0000000085b00000, 0x0000000085b00000|100%| O|  |TAMS 0x0000000085b00000, 0x0000000085a00000| Untracked 
|  91|0x0000000085b00000, 0x0000000085c00000, 0x0000000085c00000|100%|HS|  |TAMS 0x0000000085c00000, 0x0000000085b00000| Complete 
|  92|0x0000000085c00000, 0x0000000085d00000, 0x0000000085d00000|100%| O|  |TAMS 0x0000000085d00000, 0x0000000085c00000| Untracked 
|  93|0x0000000085d00000, 0x0000000085e00000, 0x0000000085e00000|100%| O|  |TAMS 0x0000000085e00000, 0x0000000085d00000| Untracked 
|  94|0x0000000085e00000, 0x0000000085f00000, 0x0000000085f00000|100%| O|  |TAMS 0x0000000085f00000, 0x0000000085e00000| Untracked 
|  95|0x0000000085f00000, 0x0000000086000000, 0x0000000086000000|100%| O|  |TAMS 0x0000000086000000, 0x0000000085f00000| Complete 
|  96|0x0000000086000000, 0x0000000086100000, 0x0000000086100000|100%| O|  |TAMS 0x0000000086100000, 0x0000000086000000| Untracked 
|  97|0x0000000086100000, 0x0000000086200000, 0x0000000086200000|100%| O|  |TAMS 0x0000000086200000, 0x0000000086100000| Untracked 
|  98|0x0000000086200000, 0x0000000086300000, 0x0000000086300000|100%| O|  |TAMS 0x0000000086300000, 0x0000000086200000| Untracked 
|  99|0x0000000086300000, 0x0000000086400000, 0x0000000086400000|100%| O|  |TAMS 0x0000000086400000, 0x0000000086300000| Untracked 
| 100|0x0000000086400000, 0x0000000086500000, 0x0000000086500000|100%| O|  |TAMS 0x0000000086500000, 0x0000000086400000| Untracked 
| 101|0x0000000086500000, 0x0000000086600000, 0x0000000086600000|100%| O|  |TAMS 0x0000000086600000, 0x0000000086500000| Untracked 
| 102|0x0000000086600000, 0x0000000086700000, 0x0000000086700000|100%| O|  |TAMS 0x0000000086700000, 0x0000000086600000| Untracked 
| 103|0x0000000086700000, 0x0000000086800000, 0x0000000086800000|100%| O|  |TAMS 0x0000000086800000, 0x0000000086700000| Complete 
| 104|0x0000000086800000, 0x0000000086900000, 0x0000000086900000|100%| O|  |TAMS 0x0000000086900000, 0x0000000086800000| Untracked 
| 105|0x0000000086900000, 0x0000000086a00000, 0x0000000086a00000|100%| O|  |TAMS 0x0000000086a00000, 0x0000000086900000| Untracked 
| 106|0x0000000086a00000, 0x0000000086b00000, 0x0000000086b00000|100%| O|  |TAMS 0x0000000086b00000, 0x0000000086a00000| Untracked 
| 107|0x0000000086b00000, 0x0000000086c00000, 0x0000000086c00000|100%| O|  |TAMS 0x0000000086c00000, 0x0000000086b00000| Untracked 
| 108|0x0000000086c00000, 0x0000000086d00000, 0x0000000086d00000|100%| O|  |TAMS 0x0000000086d00000, 0x0000000086c00000| Untracked 
| 109|0x0000000086d00000, 0x0000000086e00000, 0x0000000086e00000|100%| O|  |TAMS 0x0000000086e00000, 0x0000000086d00000| Untracked 
| 110|0x0000000086e00000, 0x0000000086f00000, 0x0000000086f00000|100%| O|  |TAMS 0x0000000086f00000, 0x0000000086e00000| Untracked 
| 111|0x0000000086f00000, 0x0000000087000000, 0x0000000087000000|100%| O|  |TAMS 0x0000000087000000, 0x0000000086f00000| Complete 
| 112|0x0000000087000000, 0x0000000087100000, 0x0000000087100000|100%| O|  |TAMS 0x0000000087100000, 0x0000000087000000| Untracked 
| 113|0x0000000087100000, 0x0000000087200000, 0x0000000087200000|100%| O|  |TAMS 0x0000000087200000, 0x0000000087100000| Untracked 
| 114|0x0000000087200000, 0x0000000087300000, 0x0000000087300000|100%| O|  |TAMS 0x0000000087300000, 0x0000000087200000| Untracked 
| 115|0x0000000087300000, 0x0000000087400000, 0x0000000087400000|100%| O|  |TAMS 0x0000000087400000, 0x0000000087300000| Untracked 
| 116|0x0000000087400000, 0x0000000087500000, 0x0000000087500000|100%| O|  |TAMS 0x0000000087500000, 0x0000000087400000| Untracked 
| 117|0x0000000087500000, 0x0000000087600000, 0x0000000087600000|100%| O|  |TAMS 0x0000000087600000, 0x0000000087500000| Untracked 
| 118|0x0000000087600000, 0x0000000087700000, 0x0000000087700000|100%| O|  |TAMS 0x0000000087700000, 0x0000000087600000| Complete 
| 119|0x0000000087700000, 0x0000000087800000, 0x0000000087800000|100%| O|  |TAMS 0x0000000087800000, 0x0000000087700000| Untracked 
| 120|0x0000000087800000, 0x0000000087900000, 0x0000000087900000|100%| O|  |TAMS 0x0000000087900000, 0x0000000087800000| Untracked 
| 121|0x0000000087900000, 0x0000000087a00000, 0x0000000087a00000|100%| O|  |TAMS 0x0000000087a00000, 0x0000000087900000| Untracked 
| 122|0x0000000087a00000, 0x0000000087b00000, 0x0000000087b00000|100%| O|  |TAMS 0x0000000087b00000, 0x0000000087a00000| Untracked 
| 123|0x0000000087b00000, 0x0000000087c00000, 0x0000000087c00000|100%| O|  |TAMS 0x0000000087c00000, 0x0000000087b00000| Untracked 
| 124|0x0000000087c00000, 0x0000000087c00000, 0x0000000087d00000|  0%| F|  |TAMS 0x0000000087c00000, 0x0000000087c00000| Untracked 
| 125|0x0000000087d00000, 0x0000000087e00000, 0x0000000087e00000|100%| O|  |TAMS 0x0000000087e00000, 0x0000000087d00000| Untracked 
| 126|0x0000000087e00000, 0x0000000087f00000, 0x0000000087f00000|100%| O|  |TAMS 0x0000000087f00000, 0x0000000087e00000| Untracked 
| 127|0x0000000087f00000, 0x0000000088000000, 0x0000000088000000|100%| O|  |TAMS 0x0000000088000000, 0x0000000087f00000| Complete 
| 128|0x0000000088000000, 0x0000000088100000, 0x0000000088100000|100%| O|  |TAMS 0x00000000880b4e00, 0x0000000088000000| Untracked 
| 129|0x0000000088100000, 0x0000000088100000, 0x0000000088200000|  0%| F|  |TAMS 0x0000000088100000, 0x0000000088100000| Untracked 
| 130|0x0000000088200000, 0x0000000088200000, 0x0000000088300000|  0%| F|  |TAMS 0x0000000088200000, 0x0000000088200000| Untracked 
| 131|0x0000000088300000, 0x0000000088400000, 0x0000000088400000|100%| O|  |TAMS 0x0000000088300000, 0x0000000088300000| Untracked 
| 132|0x0000000088400000, 0x0000000088500000, 0x0000000088500000|100%| O|  |TAMS 0x0000000088500000, 0x0000000088400000| Complete 
| 133|0x0000000088500000, 0x0000000088600000, 0x0000000088600000|100%| O|  |TAMS 0x0000000088600000, 0x0000000088500000| Complete 
| 134|0x0000000088600000, 0x0000000088700000, 0x0000000088700000|100%| O|  |TAMS 0x0000000088700000, 0x0000000088600000| Untracked 
| 135|0x0000000088700000, 0x0000000088700000, 0x0000000088800000|  0%| F|  |TAMS 0x0000000088700000, 0x0000000088700000| Untracked 
| 136|0x0000000088800000, 0x0000000088800000, 0x0000000088900000|  0%| F|  |TAMS 0x0000000088800000, 0x0000000088800000| Untracked 
| 137|0x0000000088900000, 0x0000000088900000, 0x0000000088a00000|  0%| F|  |TAMS 0x0000000088900000, 0x0000000088900000| Untracked 
| 138|0x0000000088a00000, 0x0000000088a00000, 0x0000000088b00000|  0%| F|  |TAMS 0x0000000088a00000, 0x0000000088a00000| Untracked 
| 139|0x0000000088b00000, 0x0000000088b00000, 0x0000000088c00000|  0%| F|  |TAMS 0x0000000088b00000, 0x0000000088b00000| Untracked 
| 140|0x0000000088c00000, 0x0000000088c00000, 0x0000000088d00000|  0%| F|  |TAMS 0x0000000088c00000, 0x0000000088c00000| Untracked 
| 141|0x0000000088d00000, 0x0000000088d00000, 0x0000000088e00000|  0%| F|  |TAMS 0x0000000088d00000, 0x0000000088d00000| Untracked 
| 142|0x0000000088e00000, 0x0000000088e00000, 0x0000000088f00000|  0%| F|  |TAMS 0x0000000088e00000, 0x0000000088e00000| Untracked 
| 143|0x0000000088f00000, 0x0000000088f00000, 0x0000000089000000|  0%| F|  |TAMS 0x0000000088f00000, 0x0000000088f00000| Untracked 
| 144|0x0000000089000000, 0x0000000089000000, 0x0000000089100000|  0%| F|  |TAMS 0x0000000089000000, 0x0000000089000000| Untracked 
| 145|0x0000000089100000, 0x0000000089100000, 0x0000000089200000|  0%| F|  |TAMS 0x0000000089100000, 0x0000000089100000| Untracked 
| 146|0x0000000089200000, 0x0000000089200000, 0x0000000089300000|  0%| F|  |TAMS 0x0000000089200000, 0x0000000089200000| Untracked 
| 147|0x0000000089300000, 0x0000000089300000, 0x0000000089400000|  0%| F|  |TAMS 0x0000000089300000, 0x0000000089300000| Untracked 
| 148|0x0000000089400000, 0x0000000089400000, 0x0000000089500000|  0%| F|  |TAMS 0x0000000089400000, 0x0000000089400000| Untracked 
| 149|0x0000000089500000, 0x0000000089600000, 0x0000000089600000|100%| O|  |TAMS 0x0000000089500000, 0x0000000089500000| Untracked 
| 150|0x0000000089600000, 0x0000000089700000, 0x0000000089700000|100%| O|  |TAMS 0x0000000089600000, 0x0000000089600000| Untracked 
| 151|0x0000000089700000, 0x0000000089800000, 0x0000000089800000|100%| O|  |TAMS 0x0000000089700000, 0x0000000089700000| Untracked 
| 152|0x0000000089800000, 0x0000000089886a00, 0x0000000089900000| 52%| O|  |TAMS 0x0000000089800000, 0x0000000089800000| Untracked 
| 153|0x0000000089900000, 0x0000000089900000, 0x0000000089a00000|  0%| F|  |TAMS 0x0000000089900000, 0x0000000089900000| Untracked 
| 154|0x0000000089a00000, 0x0000000089a00000, 0x0000000089b00000|  0%| F|  |TAMS 0x0000000089a00000, 0x0000000089a00000| Untracked 
| 155|0x0000000089b00000, 0x0000000089b00000, 0x0000000089c00000|  0%| F|  |TAMS 0x0000000089b00000, 0x0000000089b00000| Untracked 
| 156|0x0000000089c00000, 0x0000000089c00000, 0x0000000089d00000|  0%| F|  |TAMS 0x0000000089c00000, 0x0000000089c00000| Untracked 
| 157|0x0000000089d00000, 0x0000000089d00000, 0x0000000089e00000|  0%| F|  |TAMS 0x0000000089d00000, 0x0000000089d00000| Untracked 
| 158|0x0000000089e00000, 0x0000000089e00000, 0x0000000089f00000|  0%| F|  |TAMS 0x0000000089e00000, 0x0000000089e00000| Untracked 
| 159|0x0000000089f00000, 0x000000008a000000, 0x000000008a000000|100%| S|CS|TAMS 0x0000000089f00000, 0x0000000089f00000| Complete 
| 160|0x000000008a000000, 0x000000008a100000, 0x000000008a100000|100%| S|CS|TAMS 0x000000008a000000, 0x000000008a000000| Complete 
| 161|0x000000008a100000, 0x000000008a200000, 0x000000008a200000|100%| S|CS|TAMS 0x000000008a100000, 0x000000008a100000| Complete 
| 162|0x000000008a200000, 0x000000008a200000, 0x000000008a300000|  0%| F|  |TAMS 0x000000008a200000, 0x000000008a200000| Untracked 
| 163|0x000000008a300000, 0x000000008a300000, 0x000000008a400000|  0%| F|  |TAMS 0x000000008a300000, 0x000000008a300000| Untracked 
| 164|0x000000008a400000, 0x000000008a400000, 0x000000008a500000|  0%| F|  |TAMS 0x000000008a400000, 0x000000008a400000| Untracked 
| 165|0x000000008a500000, 0x000000008a500000, 0x000000008a600000|  0%| F|  |TAMS 0x000000008a500000, 0x000000008a500000| Untracked 
| 166|0x000000008a600000, 0x000000008a600000, 0x000000008a700000|  0%| F|  |TAMS 0x000000008a600000, 0x000000008a600000| Untracked 
| 167|0x000000008a700000, 0x000000008a700000, 0x000000008a800000|  0%| F|  |TAMS 0x000000008a700000, 0x000000008a700000| Untracked 
| 168|0x000000008a800000, 0x000000008a800000, 0x000000008a900000|  0%| F|  |TAMS 0x000000008a800000, 0x000000008a800000| Untracked 
| 169|0x000000008a900000, 0x000000008a900000, 0x000000008aa00000|  0%| F|  |TAMS 0x000000008a900000, 0x000000008a900000| Untracked 
| 170|0x000000008aa00000, 0x000000008aa00000, 0x000000008ab00000|  0%| F|  |TAMS 0x000000008aa00000, 0x000000008aa00000| Untracked 
| 171|0x000000008ab00000, 0x000000008ab00000, 0x000000008ac00000|  0%| F|  |TAMS 0x000000008ab00000, 0x000000008ab00000| Untracked 
| 172|0x000000008ac00000, 0x000000008ac00000, 0x000000008ad00000|  0%| F|  |TAMS 0x000000008ac00000, 0x000000008ac00000| Untracked 
| 173|0x000000008ad00000, 0x000000008ad00000, 0x000000008ae00000|  0%| F|  |TAMS 0x000000008ad00000, 0x000000008ad00000| Untracked 
| 174|0x000000008ae00000, 0x000000008ae00000, 0x000000008af00000|  0%| F|  |TAMS 0x000000008ae00000, 0x000000008ae00000| Untracked 
| 175|0x000000008af00000, 0x000000008af00000, 0x000000008b000000|  0%| F|  |TAMS 0x000000008af00000, 0x000000008af00000| Untracked 
| 176|0x000000008b000000, 0x000000008b000000, 0x000000008b100000|  0%| F|  |TAMS 0x000000008b000000, 0x000000008b000000| Untracked 
| 177|0x000000008b100000, 0x000000008b100000, 0x000000008b200000|  0%| F|  |TAMS 0x000000008b100000, 0x000000008b100000| Untracked 
| 178|0x000000008b200000, 0x000000008b200000, 0x000000008b300000|  0%| F|  |TAMS 0x000000008b200000, 0x000000008b200000| Untracked 
| 179|0x000000008b300000, 0x000000008b300000, 0x000000008b400000|  0%| F|  |TAMS 0x000000008b300000, 0x000000008b300000| Untracked 
| 180|0x000000008b400000, 0x000000008b400000, 0x000000008b500000|  0%| F|  |TAMS 0x000000008b400000, 0x000000008b400000| Untracked 
| 181|0x000000008b500000, 0x000000008b500000, 0x000000008b600000|  0%| F|  |TAMS 0x000000008b500000, 0x000000008b500000| Untracked 
| 182|0x000000008b600000, 0x000000008b62b9b8, 0x000000008b700000| 17%| E|  |TAMS 0x000000008b600000, 0x000000008b600000| Complete 
| 183|0x000000008b700000, 0x000000008b800000, 0x000000008b800000|100%| E|CS|TAMS 0x000000008b700000, 0x000000008b700000| Complete 
| 184|0x000000008b800000, 0x000000008b900000, 0x000000008b900000|100%| E|CS|TAMS 0x000000008b800000, 0x000000008b800000| Complete 
| 185|0x000000008b900000, 0x000000008ba00000, 0x000000008ba00000|100%| E|CS|TAMS 0x000000008b900000, 0x000000008b900000| Complete 

Card table byte_map: [0x0000023e50cf0000,0x0000023e510f0000] _byte_map_base: 0x0000023e508f0000

Marking Bits (Prev, Next): (CMBitMap*) 0x0000023e3d3cb530, (CMBitMap*) 0x0000023e3d3cb4f8
 Prev Bits: [0x0000023e534f0000, 0x0000023e554f0000)
 Next Bits: [0x0000023e514f0000, 0x0000023e534f0000)

Polling page: 0x0000023e3bb20000

Metaspace:

Usage:
  Non-class:     99.59 MB capacity,    97.72 MB ( 98%) used,     1.57 MB (  2%) free+waste,   302.81 KB ( <1%) overhead. 
      Class:     14.69 MB capacity,    13.62 MB ( 93%) used,   964.42 KB (  6%) free+waste,   138.31 KB ( <1%) overhead. 
       Both:    114.28 MB capacity,   111.33 MB ( 97%) used,     2.51 MB (  2%) free+waste,   441.13 KB ( <1%) overhead. 

Virtual space:
  Non-class space:      100.00 MB reserved,      99.75 MB (>99%) committed 
      Class space:        1.00 GB reserved,      14.75 MB (  1%) committed 
             Both:        1.10 GB reserved,     114.50 MB ( 10%) committed 

Chunk freelists:
   Non-Class:  40.00 KB
       Class:  27.00 KB
        Both:  67.00 KB

MaxMetaspaceSize: 17179869184.00 GB
CompressedClassSpaceSize: 1.00 GB

CodeHeap 'non-profiled nmethods': size=120000Kb used=8599Kb max_used=8599Kb free=111400Kb
 bounds [0x0000023e48950000, 0x0000023e491c0000, 0x0000023e4fe80000]
CodeHeap 'profiled nmethods': size=120000Kb used=35677Kb max_used=35677Kb free=84322Kb
 bounds [0x0000023e41420000, 0x0000023e43700000, 0x0000023e48950000]
CodeHeap 'non-nmethods': size=5760Kb used=2403Kb max_used=2453Kb free=3356Kb
 bounds [0x0000023e40e80000, 0x0000023e410f0000, 0x0000023e41420000]
 total_blobs=17034 nmethods=15981 adapters=963
 compilation: enabled
              stopped_count=0, restarted_count=0
 full_count=0

Compilation events (20 events):
Event: 1119.861 Thread 0x0000023e57fe7800 16474   !   2       java.util.concurrent.ConcurrentHashMap::putVal (432 bytes)
Event: 1119.863 Thread 0x0000023e57fe7800 nmethod 16474 0x0000023e436f3890 code [0x0000023e436f3b40, 0x0000023e436f4bf8]
Event: 1119.863 Thread 0x0000023e57fe7800 16475       2       org.gradle.api.internal.provider.AbstractMinimalProvider::getOrNull (13 bytes)
Event: 1119.864 Thread 0x0000023e57fe7800 nmethod 16475 0x0000023e436f5410 code [0x0000023e436f55e0, 0x0000023e436f5738]
Event: 1119.883 Thread 0x0000023e57fe7800 16476       2       com.google.protobuf.GeneratedMessageV3::<init> (13 bytes)
Event: 1119.883 Thread 0x0000023e57fe7800 nmethod 16476 0x0000023e436f5810 code [0x0000023e436f59c0, 0x0000023e436f5b18]
Event: 1119.883 Thread 0x0000023e57fe7800 16477       2       com.google.protobuf.GeneratedMessageV3$Builder::onBuilt (12 bytes)
Event: 1119.890 Thread 0x0000023e57fe7800 nmethod 16477 0x0000023e436f5c10 code [0x0000023e436f5dc0, 0x0000023e436f5ed8]
Event: 1119.890 Thread 0x0000023e57fe7800 16478       2       com.google.protobuf.GeneratedMessageV3$Builder::<init> (6 bytes)
Event: 1119.890 Thread 0x0000023e57fe7800 nmethod 16478 0x0000023e436f5f90 code [0x0000023e436f6140, 0x0000023e436f62b8]
Event: 1119.890 Thread 0x0000023e57fe7800 16479       2       com.google.common.collect.FluentIterable$3$1::get (15 bytes)
Event: 1119.890 Thread 0x0000023e57fe7800 nmethod 16479 0x0000023e436f6390 code [0x0000023e436f6540, 0x0000023e436f6688]
Event: 1119.894 Thread 0x0000023e57fe7800 16480       2       org.gradle.internal.instantiation.generator.DefaultInstantiatorFactory::inject (8 bytes)
Event: 1119.894 Thread 0x0000023e57fe7800 nmethod 16480 0x0000023e436f6790 code [0x0000023e436f6940, 0x0000023e436f6a38]
Event: 1119.894 Thread 0x0000023e57fe7800 16481       1       org.gradle.internal.resource.transport.ResourceConnectorRepositoryTransport::getResourceAccessor (5 bytes)
Event: 1119.894 Thread 0x0000023e57fe7800 nmethod 16481 0x0000023e491b5a10 code [0x0000023e491b5bc0, 0x0000023e491b5c78]
Event: 1119.894 Thread 0x0000023e57fe7800 16482       2       org.gradle.internal.resource.ExternalResourceName::isFileOnHost (30 bytes)
Event: 1119.894 Thread 0x0000023e57fe7800 nmethod 16482 0x0000023e436f6b10 code [0x0000023e436f6ce0, 0x0000023e436f6f08]
Event: 1119.928 Thread 0x0000023e57fe7800 16483       2       org.gradle.api.internal.artifacts.dsl.DefaultComponentMetadataProcessor::processRule (50 bytes)
Event: 1119.931 Thread 0x0000023e57fe7800 nmethod 16483 0x0000023e436f7090 code [0x0000023e436f7280, 0x0000023e436f7478]

GC Heap History (20 events):
Event: 1116.735 GC heap before
{Heap before GC invocations=73 (full 0):
 garbage-first heap   total 190464K, used 152444K [0x0000000080000000, 0x0000000100000000)
  region size 1024K, 49 young (50176K), 1 survivors (1024K)
 Metaspace       used 107811K, capacity 110732K, committed 110976K, reserved 1146880K
  class space    used 13305K, capacity 14355K, committed 14464K, reserved 1048576K
}
Event: 1116.746 GC heap after
{Heap after GC invocations=74 (full 0):
 garbage-first heap   total 190464K, used 115988K [0x0000000080000000, 0x0000000100000000)
  region size 1024K, 7 young (7168K), 7 survivors (7168K)
 Metaspace       used 107811K, capacity 110732K, committed 110976K, reserved 1146880K
  class space    used 13305K, capacity 14355K, committed 14464K, reserved 1048576K
}
Event: 1117.190 GC heap before
{Heap before GC invocations=75 (full 0):
 garbage-first heap   total 190464K, used 160020K [0x0000000080000000, 0x0000000100000000)
  region size 1024K, 47 young (48128K), 7 survivors (7168K)
 Metaspace       used 107856K, capacity 110796K, committed 110976K, reserved 1146880K
  class space    used 13305K, capacity 14355K, committed 14464K, reserved 1048576K
}
Event: 1117.209 GC heap after
{Heap after GC invocations=76 (full 0):
 garbage-first heap   total 190464K, used 126045K [0x0000000080000000, 0x0000000100000000)
  region size 1024K, 6 young (6144K), 6 survivors (6144K)
 Metaspace       used 107856K, capacity 110796K, committed 110976K, reserved 1146880K
  class space    used 13305K, capacity 14355K, committed 14464K, reserved 1048576K
}
Event: 1117.288 GC heap before
{Heap before GC invocations=76 (full 0):
 garbage-first heap   total 190464K, used 129117K [0x0000000080000000, 0x0000000100000000)
  region size 1024K, 9 young (9216K), 6 survivors (6144K)
 Metaspace       used 107905K, capacity 110804K, committed 110976K, reserved 1146880K
  class space    used 13312K, capacity 14357K, committed 14464K, reserved 1048576K
}
Event: 1117.297 GC heap after
{Heap after GC invocations=77 (full 0):
 garbage-first heap   total 190464K, used 127120K [0x0000000080000000, 0x0000000100000000)
  region size 1024K, 2 young (2048K), 2 survivors (2048K)
 Metaspace       used 107905K, capacity 110804K, committed 110976K, reserved 1146880K
  class space    used 13312K, capacity 14357K, committed 14464K, reserved 1048576K
}
Event: 1117.521 GC heap before
{Heap before GC invocations=77 (full 0):
 garbage-first heap   total 190464K, used 145552K [0x0000000080000000, 0x0000000100000000)
  region size 1024K, 22 young (22528K), 2 survivors (2048K)
 Metaspace       used 109510K, capacity 112451K, committed 112640K, reserved 1146880K
  class space    used 13464K, capacity 14535K, committed 14592K, reserved 1048576K
}
Event: 1117.527 GC heap after
{Heap after GC invocations=78 (full 0):
 garbage-first heap   total 190464K, used 128659K [0x0000000080000000, 0x0000000100000000)
  region size 1024K, 3 young (3072K), 3 survivors (3072K)
 Metaspace       used 109510K, capacity 112451K, committed 112640K, reserved 1146880K
  class space    used 13464K, capacity 14535K, committed 14592K, reserved 1048576K
}
Event: 1117.950 GC heap before
{Heap before GC invocations=79 (full 0):
 garbage-first heap   total 190464K, used 166547K [0x0000000080000000, 0x0000000100000000)
  region size 1024K, 32 young (32768K), 3 survivors (3072K)
 Metaspace       used 111229K, capacity 114227K, committed 114304K, reserved 1148928K
  class space    used 13629K, capacity 14695K, committed 14720K, reserved 1048576K
}
Event: 1117.959 GC heap after
{Heap after GC invocations=80 (full 0):
 garbage-first heap   total 190464K, used 133464K [0x0000000080000000, 0x0000000100000000)
  region size 1024K, 4 young (4096K), 4 survivors (4096K)
 Metaspace       used 111229K, capacity 114227K, committed 114304K, reserved 1148928K
  class space    used 13629K, capacity 14695K, committed 14720K, reserved 1048576K
}
Event: 1117.994 GC heap before
{Heap before GC invocations=80 (full 0):
 garbage-first heap   total 190464K, used 138584K [0x0000000080000000, 0x0000000100000000)
  region size 1024K, 10 young (10240K), 4 survivors (4096K)
 Metaspace       used 111257K, capacity 114291K, committed 114560K, reserved 1148928K
  class space    used 13629K, capacity 14695K, committed 14720K, reserved 1048576K
}
Event: 1118.002 GC heap after
{Heap after GC invocations=81 (full 0):
 garbage-first heap   total 190464K, used 132659K [0x0000000080000000, 0x0000000100000000)
  region size 1024K, 1 young (1024K), 1 survivors (1024K)
 Metaspace       used 111257K, capacity 114291K, committed 114560K, reserved 1148928K
  class space    used 13629K, capacity 14695K, committed 14720K, reserved 1048576K
}
Event: 1118.421 GC heap before
{Heap before GC invocations=81 (full 0):
 garbage-first heap   total 190464K, used 158259K [0x0000000080000000, 0x0000000100000000)
  region size 1024K, 27 young (27648K), 1 survivors (1024K)
 Metaspace       used 113191K, capacity 116237K, committed 116352K, reserved 1150976K
  class space    used 13879K, capacity 14959K, committed 14976K, reserved 1048576K
}
Event: 1118.428 GC heap after
{Heap after GC invocations=82 (full 0):
 garbage-first heap   total 190464K, used 134174K [0x0000000080000000, 0x0000000100000000)
  region size 1024K, 3 young (3072K), 3 survivors (3072K)
 Metaspace       used 113191K, capacity 116237K, committed 116352K, reserved 1150976K
  class space    used 13879K, capacity 14959K, committed 14976K, reserved 1048576K
}
Event: 1118.933 GC heap before
{Heap before GC invocations=83 (full 0):
 garbage-first heap   total 190464K, used 157726K [0x0000000080000000, 0x0000000100000000)
  region size 1024K, 28 young (28672K), 3 survivors (3072K)
 Metaspace       used 113415K, capacity 116454K, committed 116736K, reserved 1150976K
  class space    used 13887K, capacity 14990K, committed 15104K, reserved 1048576K
}
Event: 1118.941 GC heap after
{Heap after GC invocations=84 (full 0):
 garbage-first heap   total 190464K, used 133661K [0x0000000080000000, 0x0000000100000000)
  region size 1024K, 1 young (1024K), 1 survivors (1024K)
 Metaspace       used 113415K, capacity 116454K, committed 116736K, reserved 1150976K
  class space    used 13887K, capacity 14990K, committed 15104K, reserved 1048576K
}
Event: 1119.104 GC heap before
{Heap before GC invocations=84 (full 0):
 garbage-first heap   total 190464K, used 144925K [0x0000000080000000, 0x0000000100000000)
  region size 1024K, 13 young (13312K), 1 survivors (1024K)
 Metaspace       used 113562K, capacity 116588K, committed 116736K, reserved 1150976K
  class space    used 13894K, capacity 14992K, committed 15104K, reserved 1048576K
}
Event: 1119.109 GC heap after
{Heap after GC invocations=85 (full 0):
 garbage-first heap   total 190464K, used 138963K [0x0000000080000000, 0x0000000100000000)
  region size 1024K, 4 young (4096K), 4 survivors (4096K)
 Metaspace       used 113562K, capacity 116588K, committed 116736K, reserved 1150976K
  class space    used 13894K, capacity 14992K, committed 15104K, reserved 1048576K
}
Event: 1119.416 GC heap before
{Heap before GC invocations=86 (full 0):
 garbage-first heap   total 190464K, used 175827K [0x0000000080000000, 0x0000000100000000)
  region size 1024K, 24 young (24576K), 4 survivors (4096K)
 Metaspace       used 113843K, capacity 116861K, committed 116992K, reserved 1150976K
  class space    used 13930K, capacity 15013K, committed 15104K, reserved 1048576K
}
Event: 1119.424 GC heap after
{Heap after GC invocations=87 (full 0):
 garbage-first heap   total 190464K, used 141850K [0x0000000080000000, 0x0000000100000000)
  region size 1024K, 3 young (3072K), 3 survivors (3072K)
 Metaspace       used 113843K, capacity 116861K, committed 116992K, reserved 1150976K
  class space    used 13930K, capacity 15013K, committed 15104K, reserved 1048576K
}

Deoptimization events (20 events):
Event: 1119.844 Thread 0x0000023e5d8ce800 Uncommon trap: trap_request=0xffffff4d fr.pc=0x0000023e4910bb24 relative=0x00000000000006c4
Event: 1119.844 Thread 0x0000023e5d8ce800 Uncommon trap: reason=unstable_if action=reinterpret pc=0x0000023e4910bb24 method=java.lang.String.regionMatches(ILjava/lang/String;II)Z @ 47 c2
Event: 1119.844 Thread 0x0000023e5d8ce800 DEOPT PACKING pc=0x0000023e4910bb24 sp=0x000000baa0afa940
Event: 1119.844 Thread 0x0000023e5d8ce800 DEOPT UNPACKING pc=0x0000023e40ea78af sp=0x000000baa0afa840 mode 2
Event: 1119.844 Thread 0x0000023e5d8ce800 Uncommon trap: trap_request=0xffffff4d fr.pc=0x0000023e490d3a60 relative=0x0000000000000220
Event: 1119.844 Thread 0x0000023e5d8ce800 Uncommon trap: reason=unstable_if action=reinterpret pc=0x0000023e490d3a60 method=java.lang.String.regionMatches(ILjava/lang/String;II)Z @ 47 c2
Event: 1119.844 Thread 0x0000023e5d8ce800 DEOPT PACKING pc=0x0000023e490d3a60 sp=0x000000baa0afa880
Event: 1119.844 Thread 0x0000023e5d8ce800 DEOPT UNPACKING pc=0x0000023e40ea78af sp=0x000000baa0afa830 mode 2
Event: 1119.844 Thread 0x0000023e5d8ce800 Uncommon trap: trap_request=0xffffff4d fr.pc=0x0000023e48e58af0 relative=0x0000000000001630
Event: 1119.844 Thread 0x0000023e5d8ce800 Uncommon trap: reason=unstable_if action=reinterpret pc=0x0000023e48e58af0 method=java.util.concurrent.ConcurrentHashMap.putVal(Ljava/lang/Object;Ljava/lang/Object;Z)Ljava/lang/Object; @ 162 c2
Event: 1119.844 Thread 0x0000023e5d8ce800 DEOPT PACKING pc=0x0000023e48e58af0 sp=0x000000baa0afa140
Event: 1119.844 Thread 0x0000023e5d8ce800 DEOPT UNPACKING pc=0x0000023e40ea78af sp=0x000000baa0afa0e8 mode 2
Event: 1119.878 Thread 0x0000023e5d8ce800 Uncommon trap: trap_request=0xffffff4d fr.pc=0x0000023e48ca9db8 relative=0x0000000000000ad8
Event: 1119.878 Thread 0x0000023e5d8ce800 Uncommon trap: reason=unstable_if action=reinterpret pc=0x0000023e48ca9db8 method=java.util.regex.Matcher.search(I)Z @ 76 c2
Event: 1119.878 Thread 0x0000023e5d8ce800 DEOPT PACKING pc=0x0000023e48ca9db8 sp=0x000000baa0afac20
Event: 1119.878 Thread 0x0000023e5d8ce800 DEOPT UNPACKING pc=0x0000023e40ea78af sp=0x000000baa0afac10 mode 2
Event: 1119.878 Thread 0x0000023e5d8ce800 Uncommon trap: trap_request=0xffffff4d fr.pc=0x0000023e48ab4dac relative=0x000000000000024c
Event: 1119.878 Thread 0x0000023e5d8ce800 Uncommon trap: reason=unstable_if action=reinterpret pc=0x0000023e48ab4dac method=java.util.regex.Matcher.reset()Ljava/util/regex/Matcher; @ 80 c2
Event: 1119.878 Thread 0x0000023e5d8ce800 DEOPT PACKING pc=0x0000023e48ab4dac sp=0x000000baa0afac90
Event: 1119.878 Thread 0x0000023e5d8ce800 DEOPT UNPACKING pc=0x0000023e40ea78af sp=0x000000baa0afac20 mode 2

Classes redefined (0 events):
No events

Internal exceptions (20 events):
Event: 1117.347 Thread 0x0000023e5d8cc800 Exception <a 'java/lang/NoSuchMethodError'{0x000000008b1e9600}: <clinit>> (0x000000008b1e9600) thrown at [./src/hotspot/share/prims/jni.cpp, line 1362]
Event: 1117.348 Thread 0x0000023e5d8cc800 Exception <a 'java/lang/NoSuchMethodError'{0x000000008b1fe8e0}: <clinit>> (0x000000008b1fe8e0) thrown at [./src/hotspot/share/prims/jni.cpp, line 1362]
Event: 1117.348 Thread 0x0000023e5d8cc800 Exception <a 'java/lang/NoSuchMethodError'{0x000000008b01d2a0}: <clinit>> (0x000000008b01d2a0) thrown at [./src/hotspot/share/prims/jni.cpp, line 1362]
Event: 1117.349 Thread 0x0000023e5d8cc800 Exception <a 'java/lang/NoSuchMethodError'{0x000000008b02e290}: <clinit>> (0x000000008b02e290) thrown at [./src/hotspot/share/prims/jni.cpp, line 1362]
Event: 1117.361 Thread 0x0000023e5d8cc800 Exception <a 'java/lang/NoSuchMethodError'{0x000000008b078ba0}: <clinit>> (0x000000008b078ba0) thrown at [./src/hotspot/share/prims/jni.cpp, line 1362]
Event: 1117.462 Thread 0x0000023e5d31b800 Exception <a 'java/lang/ClassNotFoundException'{0x000000008aba78f8}: sun/awt/resources/spi/awtProvider> (0x000000008aba78f8) thrown at [./src/hotspot/share/classfile/systemDictionary.cpp, line 231]
Event: 1117.481 Thread 0x0000023e5d31b800 Exception <a 'java/io/FileNotFoundException'{0x000000008a6c1638}> (0x000000008a6c1638) thrown at [./src/hotspot/share/prims/jni.cpp, line 615]
Event: 1117.483 Thread 0x0000023e5d31b800 Exception <a 'java/io/FileNotFoundException'{0x000000008a6c55f0}> (0x000000008a6c55f0) thrown at [./src/hotspot/share/prims/jni.cpp, line 615]
Event: 1118.377 Thread 0x0000023e5d8cc800 Implicit null exception at 0x0000023e48d6ba89 to 0x0000023e48d6c148
Event: 1119.089 Thread 0x0000023e5d8cc800 Implicit null exception at 0x0000023e49176a71 to 0x0000023e4917e530
Event: 1119.089 Thread 0x0000023e5d8cc800 Implicit null exception at 0x0000023e49176a71 to 0x0000023e4917e530
Event: 1119.145 Thread 0x0000023e5d8cc800 Implicit null exception at 0x0000023e49176a71 to 0x0000023e4917e530
Event: 1119.348 Thread 0x0000023e5d8cc800 Exception <a 'java/lang/NoSuchMethodError'{0x000000008b756bb0}: <clinit>> (0x000000008b756bb0) thrown at [./src/hotspot/share/prims/jni.cpp, line 1362]
Event: 1119.349 Thread 0x0000023e5d8cc800 Exception <a 'java/lang/NoSuchMethodError'{0x000000008b7666b0}: <clinit>> (0x000000008b7666b0) thrown at [./src/hotspot/share/prims/jni.cpp, line 1362]
Event: 1119.349 Thread 0x0000023e5d8cc800 Exception <a 'java/lang/NoSuchMethodError'{0x000000008b778a10}: <clinit>> (0x000000008b778a10) thrown at [./src/hotspot/share/prims/jni.cpp, line 1362]
Event: 1119.402 Thread 0x0000023e5d31c000 Exception <a 'java/lang/NoSuchMethodError'{0x000000008b088820}: 'void java.lang.invoke.DirectMethodHandle$Holder.invokeStatic(java.lang.Object, long)'> (0x000000008b088820) thrown at [./src/hotspot/share/interpreter/linkResolver.cpp, line 773]
Event: 1119.403 Thread 0x0000023e5d31c000 Exception <a 'java/lang/NoSuchMethodError'{0x000000008a392278}: 'java.lang.Object java.lang.invoke.DirectMethodHandle$Holder.invokeStatic(java.lang.Object, long)'> (0x000000008a392278) thrown at [./src/hotspot/share/interpreter/linkResolver.cpp, line 773]
Event: 1119.406 Thread 0x0000023e5d31c000 Exception <a 'java/lang/NoSuchMethodError'{0x000000008a227de8}: 'java.lang.Object java.lang.invoke.DirectMethodHandle$Holder.invokeStaticInit(java.lang.Object, java.lang.Object, long, java.lang.Object)'> (0x000000008a227de8) thrown at [./src/hotspot/share/interpreter/linkResolver.cpp, line 773]
Event: 1119.407 Thread 0x0000023e5d31c000 Exception <a 'java/lang/NoSuchMethodError'{0x000000008a23eeb0}: 'java.lang.Object java.lang.invoke.DirectMethodHandle$Holder.invokeStatic(java.lang.Object, java.lang.Object, long)'> (0x000000008a23eeb0) thrown at [./src/hotspot/share/interpreter/linkResolver.cpp, line 773]
Event: 1119.407 Thread 0x0000023e5d31c000 Exception <a 'java/lang/NoSuchMethodError'{0x000000008a24bdc8}: 'java.lang.Object java.lang.invoke.Invokers$Holder.linkToTargetMethod(java.lang.Object, long, java.lang.Object)'> (0x000000008a24bdc8) thrown at [./src/hotspot/share/interpreter/linkResolver.cpp, line 773]

Events (20 events):
Event: 1119.933 Executing VM operation: RevokeBias done
Event: 1119.934 Executing VM operation: RevokeBias
Event: 1119.935 Executing VM operation: RevokeBias done
Event: 1119.935 Executing VM operation: RevokeBias
Event: 1119.936 Executing VM operation: RevokeBias done
Event: 1119.936 Executing VM operation: RevokeBias
Event: 1119.937 Executing VM operation: RevokeBias done
Event: 1119.937 Executing VM operation: RevokeBias
Event: 1119.937 Executing VM operation: RevokeBias done
Event: 1119.937 Executing VM operation: RevokeBias
Event: 1119.938 Executing VM operation: RevokeBias done
Event: 1119.938 Executing VM operation: RevokeBias
Event: 1119.938 Executing VM operation: RevokeBias done
Event: 1119.938 Executing VM operation: RevokeBias
Event: 1119.939 Executing VM operation: RevokeBias done
Event: 1119.939 Executing VM operation: RevokeBias
Event: 1119.940 Executing VM operation: RevokeBias done
Event: 1119.940 Executing VM operation: RevokeBias
Event: 1119.940 Executing VM operation: RevokeBias done
Event: 1119.940 Executing VM operation: BulkRevokeBias


Dynamic libraries:
0x00007ff6e0fc0000 - 0x00007ff6e0fca000 	C:\Program Files\Android\Android Studio\jre\bin\java.exe
0x00007ffb57550000 - 0x00007ffb57745000 	C:\Windows\SYSTEM32\ntdll.dll
0x00007ffb55b00000 - 0x00007ffb55bbe000 	C:\Windows\System32\KERNEL32.DLL
0x00007ffb55080000 - 0x00007ffb55349000 	C:\Windows\System32\KERNELBASE.dll
0x00007ffb54e30000 - 0x00007ffb54f30000 	C:\Windows\System32\ucrtbase.dll
0x00007ffb32e40000 - 0x00007ffb32e59000 	C:\Program Files\Android\Android Studio\jre\bin\jli.dll
0x00007ffb32570000 - 0x00007ffb32587000 	C:\Program Files\Android\Android Studio\jre\bin\VCRUNTIME140.dll
0x00007ffb56830000 - 0x00007ffb569d1000 	C:\Windows\System32\USER32.dll
0x00007ffb54ca0000 - 0x00007ffb54cc2000 	C:\Windows\System32\win32u.dll
0x00007ffb55c20000 - 0x00007ffb55c4b000 	C:\Windows\System32\GDI32.dll
0x00007ffb553e0000 - 0x00007ffb554eb000 	C:\Windows\System32\gdi32full.dll
0x00007ffb54f90000 - 0x00007ffb5502d000 	C:\Windows\System32\msvcp_win.dll
0x00007ffb3f4f0000 - 0x00007ffb3f78a000 	C:\Windows\WinSxS\amd64_microsoft.windows.common-controls_6595b64144ccf1df_6.0.19041.1110_none_60b5254171f9507e\COMCTL32.dll
0x00007ffb56600000 - 0x00007ffb5669e000 	C:\Windows\System32\msvcrt.dll
0x00007ffb572b0000 - 0x00007ffb572e0000 	C:\Windows\System32\IMM32.DLL
0x00007ffb21cf0000 - 0x00007ffb21d8d000 	C:\Program Files\Android\Android Studio\jre\bin\msvcp140.dll
0x00007ffafc530000 - 0x00007ffafcfff000 	C:\Program Files\Android\Android Studio\jre\bin\server\jvm.dll
0x00007ffb55a50000 - 0x00007ffb55afc000 	C:\Windows\System32\ADVAPI32.dll
0x00007ffb56d90000 - 0x00007ffb56e2b000 	C:\Windows\System32\sechost.dll
0x00007ffb555c0000 - 0x00007ffb556ea000 	C:\Windows\System32\RPCRT4.dll
0x00007ffb57420000 - 0x00007ffb57428000 	C:\Windows\System32\PSAPI.DLL
0x00007ffb403d0000 - 0x00007ffb403d9000 	C:\Windows\SYSTEM32\WSOCK32.dll
0x00007ffb3f480000 - 0x00007ffb3f4a7000 	C:\Windows\SYSTEM32\WINMM.dll
0x00007ffb4b250000 - 0x00007ffb4b25a000 	C:\Windows\SYSTEM32\VERSION.dll
0x00007ffb566a0000 - 0x00007ffb5670b000 	C:\Windows\System32\WS2_32.dll
0x00007ffb52d50000 - 0x00007ffb52d62000 	C:\Windows\SYSTEM32\kernel.appcore.dll
0x00007ffb507f0000 - 0x00007ffb50801000 	C:\Program Files\Android\Android Studio\jre\bin\verify.dll
0x00007ffb52910000 - 0x00007ffb52af4000 	C:\Windows\SYSTEM32\DBGHELP.DLL
0x00007ffb3c920000 - 0x00007ffb3c94c000 	C:\Windows\SYSTEM32\dbgcore.DLL
0x00007ffb55350000 - 0x00007ffb553d3000 	C:\Windows\System32\bcryptPrimitives.dll
0x00007ffb42480000 - 0x00007ffb424a9000 	C:\Program Files\Android\Android Studio\jre\bin\java.dll
0x00007ffb507b0000 - 0x00007ffb507bb000 	C:\Program Files\Android\Android Studio\jre\bin\jimage.dll
0x00007ffb42680000 - 0x00007ffb42698000 	C:\Program Files\Android\Android Studio\jre\bin\zip.dll
0x00007ffb55cb0000 - 0x00007ffb563ef000 	C:\Windows\System32\SHELL32.dll
0x00007ffb52d70000 - 0x00007ffb53500000 	C:\Windows\SYSTEM32\windows.storage.dll
0x00007ffb556f0000 - 0x00007ffb55a45000 	C:\Windows\System32\combase.dll
0x00007ffb546c0000 - 0x00007ffb546ec000 	C:\Windows\SYSTEM32\Wldp.dll
0x00007ffb56400000 - 0x00007ffb564ae000 	C:\Windows\System32\SHCORE.dll
0x00007ffb55bc0000 - 0x00007ffb55c15000 	C:\Windows\System32\shlwapi.dll
0x00007ffb54bb0000 - 0x00007ffb54bcf000 	C:\Windows\SYSTEM32\profapi.dll
0x00007ffb42440000 - 0x00007ffb4245a000 	C:\Program Files\Android\Android Studio\jre\bin\net.dll
0x00007ffb4d630000 - 0x00007ffb4d738000 	C:\Windows\SYSTEM32\WINHTTP.dll
0x00007ffb54420000 - 0x00007ffb5448a000 	C:\Windows\system32\mswsock.dll
0x00007ffb356e0000 - 0x00007ffb356f4000 	C:\Program Files\Android\Android Studio\jre\bin\nio.dll
0x00007ffb31300000 - 0x00007ffb31327000 	C:\Users\PCV\.gradle\native\f6784746aeab05261644944871eae4fe03e0ef1612fff0a4a95f87b438bc6780\windows-amd64\native-platform.dll
0x00007ffb50370000 - 0x00007ffb5037a000 	C:\Program Files\Android\Android Studio\jre\bin\management.dll
0x00007ffb4e8c0000 - 0x00007ffb4e8cc000 	C:\Program Files\Android\Android Studio\jre\bin\management_ext.dll
0x00007ffb54620000 - 0x00007ffb54638000 	C:\Windows\SYSTEM32\CRYPTSP.dll
0x00007ffb53d30000 - 0x00007ffb53d64000 	C:\Windows\system32\rsaenh.dll
0x00007ffb54c70000 - 0x00007ffb54c97000 	C:\Windows\System32\bcrypt.dll
0x00007ffb54b70000 - 0x00007ffb54b9e000 	C:\Windows\SYSTEM32\USERENV.dll
0x00007ffb54610000 - 0x00007ffb5461c000 	C:\Windows\SYSTEM32\CRYPTBASE.dll
0x00007ffb540c0000 - 0x00007ffb540fb000 	C:\Windows\SYSTEM32\IPHLPAPI.DLL
0x00007ffb563f0000 - 0x00007ffb563f8000 	C:\Windows\System32\NSI.dll
0x00007ffb4afe0000 - 0x00007ffb4aff7000 	C:\Windows\SYSTEM32\dhcpcsvc6.DLL
0x00007ffb4b620000 - 0x00007ffb4b63d000 	C:\Windows\SYSTEM32\dhcpcsvc.DLL
0x00007ffb54100000 - 0x00007ffb541cc000 	C:\Windows\SYSTEM32\DNSAPI.dll
0x00007ffb4c7e0000 - 0x00007ffb4c7eb000 	C:\Windows\SYSTEM32\WINNSI.DLL
0x00007ffb34640000 - 0x00007ffb34667000 	C:\Program Files\Android\Android Studio\jre\bin\sunec.dll
0x00007ffb4b570000 - 0x00007ffb4b57a000 	C:\Windows\System32\rasadhlp.dll
0x00007ffb420e0000 - 0x00007ffb4215f000 	C:\Windows\System32\fwpuclnt.dll
0x00007ffb53a20000 - 0x00007ffb53a53000 	C:\Windows\SYSTEM32\ntmarta.dll
0x00007ffb20770000 - 0x00007ffb20914000 	C:\Program Files\Android\Android Studio\jre\bin\awt.dll
0x00007ffb524d0000 - 0x00007ffb524ff000 	C:\Windows\SYSTEM32\dwmapi.dll
0x00007ffb56cc0000 - 0x00007ffb56d8d000 	C:\Windows\System32\OLEAUT32.dll
0x00007ffb521d0000 - 0x00007ffb52260000 	C:\Windows\SYSTEM32\apphelp.dll
0x00007ffb52300000 - 0x00007ffb5239e000 	C:\Windows\system32\uxtheme.dll

dbghelp: loaded successfully - version: 4.0.5 - missing functions: none
symbol engine: initialized successfully - sym options: 0x614 - pdb path: .;C:\Program Files\Android\Android Studio\jre\bin;C:\Windows\SYSTEM32;C:\Windows\WinSxS\amd64_microsoft.windows.common-controls_6595b64144ccf1df_6.0.19041.1110_none_60b5254171f9507e;C:\Program Files\Android\Android Studio\jre\bin\server;C:\Users\PCV\.gradle\native\f6784746aeab05261644944871eae4fe03e0ef1612fff0a4a95f87b438bc6780\windows-amd64

VM Arguments:
jvm_args: --add-opens=java.base/java.util=ALL-UNNAMED --add-opens=java.base/java.lang=ALL-UNNAMED --add-opens=java.base/java.lang.invoke=ALL-UNNAMED --add-opens=java.prefs/java.util.prefs=ALL-UNNAMED -Xmx2048m -Dfile.encoding=UTF-8 -Duser.country=US -Duser.language=en -Duser.variant 
java_command: org.gradle.launcher.daemon.bootstrap.GradleDaemon 6.5
java_class_path (initial): C:\Users\PCV\.gradle\wrapper\dists\gradle-6.5-bin\6nifqtx7604sqp1q6g8wikw7p\gradle-6.5\lib\gradle-launcher-6.5.jar
Launcher Type: SUN_STANDARD

[Global flags]
     intx CICompilerCount                          = 4                                         {product} {ergonomic}
     uint ConcGCThreads                            = 2                                         {product} {ergonomic}
     uint G1ConcRefinementThreads                  = 8                                         {product} {ergonomic}
   size_t G1HeapRegionSize                         = 1048576                                   {product} {ergonomic}
    uintx GCDrainStackTargetSize                   = 64                                        {product} {ergonomic}
   size_t InitialHeapSize                          = 62914560                                  {product} {ergonomic}
   size_t MarkStackSize                            = 4194304                                   {product} {ergonomic}
   size_t MaxHeapSize                              = 2147483648                                {product} {command line}
   size_t MaxNewSize                               = 1287651328                                {product} {ergonomic}
   size_t MinHeapDeltaBytes                        = 1048576                                   {product} {ergonomic}
    uintx NonNMethodCodeHeapSize                   = 5836300                                {pd product} {ergonomic}
    uintx NonProfiledCodeHeapSize                  = 122910970                              {pd product} {ergonomic}
    uintx ProfiledCodeHeapSize                     = 122910970                              {pd product} {ergonomic}
    uintx ReservedCodeCacheSize                    = 251658240                              {pd product} {ergonomic}
     bool SegmentedCodeCache                       = true                                      {product} {ergonomic}
     bool UseCompressedClassPointers               = true                                 {lp64_product} {ergonomic}
     bool UseCompressedOops                        = true                                 {lp64_product} {ergonomic}
     bool UseG1GC                                  = true                                      {product} {ergonomic}
     bool UseLargePagesIndividualAllocation        = false                                  {pd product} {ergonomic}

Logging:
Log output configuration:
 #0: stdout all=warning uptime,level,tags
 #1: stderr all=off uptime,level,tags

Environment Variables:
JAVA_HOME=C:\Program Files\Java\jdk-16.0.1
PATH=C:\Program Files\Common Files\Oracle\Java\javapath;C:\ProgramData\Anaconda3;C:\ProgramData\Anaconda3\Library\mingw-w64\bin;C:\ProgramData\Anaconda3\Library\usr\bin;C:\ProgramData\Anaconda3\Library\bin;C:\ProgramData\Anaconda3\Scripts;C:\Python\Python39\Scripts\;C:\Python\Python39\;C:\Program Files\dotnet\;C:\Program Files (x86)\dotnet\;C:\Program Files\Java\jdk-16.0.1\bin;C:\Program Files\JetBrains\IntelliJ IDEA Community Edition 2021.1\bin;C:\Program Files\Git\cmd;C:\Program Files (x86)\nodejs\;C:\Windows\System32\OpenSSH\;C:\Program Files\Git LFS;C:\Program Files\JetBrains\IntelliJ IDEA Community Edition 2021.1\bin;C:\Program Files\heroku\bin;C:\Users\PCV\AppData\Roaming\npm;C:\Users\PCV\AppData\Local\Programs\Microsoft VS Code\bin;C:\Users\PCV\AppData\Local\GitHubDesktop\bin
USERNAME=PCV
OS=Windows_NT
PROCESSOR_IDENTIFIER=Intel64 Family 6 Model 142 Stepping 10, GenuineIntel



---------------  S Y S T E M  ---------------

OS: Windows 10 , 64 bit Build 19041 (10.0.19041.1202)
OS uptime: 1 days 19:36 hours

CPU:total 8 (initial active 8) (4 cores per cpu, 2 threads per core) family 6 model 142 stepping 10 microcode 0xb4, cmov, cx8, fxsr, mmx, sse, sse2, sse3, ssse3, sse4.1, sse4.2, popcnt, avx, avx2, aes, clmul, erms, 3dnowpref, lzcnt, ht, tsc, tscinvbit, bmi1, bmi2, adx, fma

Memory: 4k page, system-wide physical 3739M (204M free)
TotalPageFile size 15003M (AvailPageFile size 3M)
current process WorkingSet (physical memory assigned to process): 406M, peak: 420M
current process commit charge ("private bytes"): 541M, peak: 541M

vm_info: OpenJDK 64-Bit Server VM (11.0.10+0-b96-7249189) for windows-amd64 JRE (11.0.10+0-b96-7249189), built on Mar 31 2021 21:44:00 by "builder" with MS VC++ 14.0 (VS2015)

END.
